Started Parsing raw log files
Number of files: 2
Opened Keyboard.log
NewTask 2 | added to current participant
CreateBlock 1557448880 | added to current participant
StartDragBlock 1557448880 | added to current participant
MouseClick | added to current participant
EndDragBlock 1557448880 | added to current participant
MouseReleased | added to current participant
CreateBlock 1999090638 | added to current participant
StartDragBlock 1999090638 | added to current participant
MouseClick | added to current participant
EndDragBlock 1999090638 | added to current participant
MouseReleased | added to current participant
CreateBlock 2704357 | added to current participant
StartDragBlock 2704357 | added to current participant
MouseClick | added to current participant
EndDragBlock 2704357 | added to current participant
MouseReleased | added to current participant
CreateBlock 745099746 | added to current participant
StartDragBlock 745099746 | added to current participant
MouseClick | added to current participant
EndDragBlock 745099746 | added to current participant
MouseReleased | added to current participant
NewTask 15 | added to current participant
CreateBlock 252172114 | added to current participant
StartDragBlock 252172114 | added to current participant
MouseClick | added to current participant
EndDragBlock 252172114 | added to current participant
MouseReleased | added to current participant
CreateBlock 229665572 | added to current participant
StartDragBlock 229665572 | added to current participant
MouseClick | added to current participant
EndDragBlock 229665572 | added to current participant
MouseReleased | added to current participant
CreateBlock 693907036 | added to current participant
StartDragBlock 693907036 | added to current participant
MouseClick | added to current participant
EndDragBlock 693907036 | added to current participant
MouseReleased | added to current participant
StartDragBlock 693907036 | added to current participant
MouseClick | added to current participant
EndDragBlock 693907036 | added to current participant
MouseReleased | added to current participant
CreateBlock 1268275182 | added to current participant
StartDragBlock 1268275182 | added to current participant
MouseClick | added to current participant
EndDragBlock 1268275182 | added to current participant
MouseReleased | added to current participant
StartDragBlock 252172114 | added to current participant
MouseClick | added to current participant
EndDragBlock 252172114 | added to current participant
MouseReleased | added to current participant
NewTask 12 | added to current participant
CreateBlock 1967337226 | added to current participant
StartDragBlock 1967337226 | added to current participant
MouseClick | added to current participant
EndDragBlock 1967337226 | added to current participant
MouseReleased | added to current participant
CreateBlock 514864285 | added to current participant
StartDragBlock 514864285 | added to current participant
MouseClick | added to current participant
EndDragBlock 514864285 | added to current participant
MouseReleased | added to current participant
CreateBlock 521436442 | added to current participant
StartDragBlock 521436442 | added to current participant
MouseClick | added to current participant
EndDragBlock 521436442 | added to current participant
MouseReleased | added to current participant
CreateBlock 1078316853 | added to current participant
StartDragBlock 1078316853 | added to current participant
MouseClick | added to current participant
EndDragBlock 1078316853 | added to current participant
MouseReleased | added to current participant
StartDragBlock 1967337226 | added to current participant
MouseClick | added to current participant
EndDragBlock 1967337226 | added to current participant
MouseReleased | added to current participant
NewTask 23 | added to current participant
CreateBlock 668289079 | added to current participant
StartDragBlock 668289079 | added to current participant
MouseClick | added to current participant
EndDragBlock 668289079 | added to current participant
MouseReleased | added to current participant
CreateBlock 626836922 | added to current participant
StartDragBlock 626836922 | added to current participant
MouseClick | added to current participant
EndDragBlock 626836922 | added to current participant
MouseReleased | added to current participant
CreateBlock 529033504 | added to current participant
StartDragBlock 529033504 | added to current participant
MouseClick | added to current participant
EndDragBlock 529033504 | added to current participant
MouseReleased | added to current participant
CreateBlock 750714109 | added to current participant
StartDragBlock 750714109 | added to current participant
MouseClick | added to current participant
EndDragBlock 750714109 | added to current participant
MouseReleased | added to current participant
CreateBlock 323996741 | added to current participant
StartDragBlock 323996741 | added to current participant
MouseClick | added to current participant
EndDragBlock 323996741 | added to current participant
MouseReleased | added to current participant
CreateBlock 719598710 | added to current participant
StartDragBlock 719598710 | added to current participant
MouseClick | added to current participant
EndDragBlock 719598710 | added to current participant
MouseReleased | added to current participant
MouseClick | added to current participant
CreateBlock 1123042802 | added to current participant
StartDragBlock 1123042802 | added to current participant
MouseClick | added to current participant
EndDragBlock 1123042802 | added to current participant
MouseReleased | added to current participant
CreateBlock 354729496 | added to current participant
StartDragBlock 354729496 | added to current participant
MouseClick | added to current participant
EndDragBlock 354729496 | added to current participant
MouseReleased | added to current participant
NewTask 27 | added to current participant
CreateBlock 1861613802 | added to current participant
StartDragBlock 1861613802 | added to current participant
MouseClick | added to current participant
EndDragBlock 1861613802 | added to current participant
MouseReleased | added to current participant
CreateBlock 1915276731 | added to current participant
StartDragBlock 1915276731 | added to current participant
MouseClick | added to current participant
EndDragBlock 1915276731 | added to current participant
MouseReleased | added to current participant
CreateBlock 1452504275 | added to current participant
StartDragBlock 1452504275 | added to current participant
MouseClick | added to current participant
EndDragBlock 1452504275 | added to current participant
MouseReleased | added to current participant
CreateBlock 1292770722 | added to current participant
StartDragBlock 1292770722 | added to current participant
MouseClick | added to current participant
EndDragBlock 1292770722 | added to current participant
MouseReleased | added to current participant
CreateBlock 1150646122 | added to current participant
StartDragBlock 1150646122 | added to current participant
MouseClick | added to current participant
EndDragBlock 1150646122 | added to current participant
MouseReleased | added to current participant
CreateBlock 1602614455 | added to current participant
StartDragBlock 1602614455 | added to current participant
MouseClick | added to current participant
EndDragBlock 1602614455 | added to current participant
MouseReleased | added to current participant
CreateBlock 1949440316 | added to current participant
StartDragBlock 1949440316 | added to current participant
MouseClick | added to current participant
EndDragBlock 1949440316 | added to current participant
MouseReleased | added to current participant
CreateBlock 609359335 | added to current participant
StartDragBlock 609359335 | added to current participant
MouseClick | added to current participant
EndDragBlock 609359335 | added to current participant
MouseReleased | added to current participant
NewTask 25 | added to current participant
CreateBlock 1407087523 | added to current participant
StartDragBlock 1407087523 | added to current participant
MouseClick | added to current participant
EndDragBlock 1407087523 | added to current participant
MouseReleased | added to current participant
CreateBlock 371570992 | added to current participant
StartDragBlock 371570992 | added to current participant
MouseClick | added to current participant
EndDragBlock 371570992 | added to current participant
MouseReleased | added to current participant
CreateBlock 1353625448 | added to current participant
StartDragBlock 1353625448 | added to current participant
MouseClick | added to current participant
EndDragBlock 1353625448 | added to current participant
MouseReleased | added to current participant
CreateBlock 728039227 | added to current participant
StartDragBlock 728039227 | added to current participant
MouseClick | added to current participant
EndDragBlock 728039227 | added to current participant
MouseReleased | added to current participant
CreateBlock 104392148 | added to current participant
StartDragBlock 104392148 | added to current participant
MouseClick | added to current participant
EndDragBlock 104392148 | added to current participant
MouseReleased | added to current participant
CreateBlock 531360588 | added to current participant
StartDragBlock 531360588 | added to current participant
MouseClick | added to current participant
EndDragBlock 531360588 | added to current participant
MouseReleased | added to current participant
CreateBlock 638838388 | added to current participant
StartDragBlock 638838388 | added to current participant
MouseClick | added to current participant
EndDragBlock 638838388 | added to current participant
MouseReleased | added to current participant
CreateBlock 417225282 | added to current participant
StartDragBlock 417225282 | added to current participant
MouseClick | added to current participant
EndDragBlock 417225282 | added to current participant
MouseReleased | added to current participant
StartDragBlock 417225282 | added to current participant
MouseClick | added to current participant
EndDragBlock 417225282 | added to current participant
MouseReleased | added to current participant
StartDragBlock 638838388 | added to current participant
MouseClick | added to current participant
EndDragBlock 638838388 | added to current participant
MouseReleased | added to current participant
NewTask 51 | added to current participant
CreateBlock 663226052 | added to current participant
StartDragBlock 663226052 | added to current participant
MouseClick | added to current participant
EndDragBlock 663226052 | added to current participant
MouseReleased | added to current participant
CreateBlock 1973547259 | added to current participant
StartDragBlock 1973547259 | added to current participant
MouseClick | added to current participant
EndDragBlock 1973547259 | added to current participant
MouseReleased | added to current participant
CreateBlock 525850964 | added to current participant
StartDragBlock 525850964 | added to current participant
MouseClick | added to current participant
EndDragBlock 525850964 | added to current participant
MouseReleased | added to current participant
CreateBlock 1497895052 | added to current participant
StartDragBlock 1497895052 | added to current participant
MouseClick | added to current participant
EndDragBlock 1497895052 | added to current participant
MouseReleased | added to current participant
CreateBlock 817774765 | added to current participant
StartDragBlock 817774765 | added to current participant
MouseClick | added to current participant
EndDragBlock 817774765 | added to current participant
MouseReleased | added to current participant
CreateBlock 1690923384 | added to current participant
StartDragBlock 1690923384 | added to current participant
MouseClick | added to current participant
EndDragBlock 1690923384 | added to current participant
MouseReleased | added to current participant
CreateBlock 1827331929 | added to current participant
StartDragBlock 1827331929 | added to current participant
MouseClick | added to current participant
EndDragBlock 1827331929 | added to current participant
MouseReleased | added to current participant
CreateBlock 309334921 | added to current participant
StartDragBlock 309334921 | added to current participant
MouseClick | added to current participant
EndDragBlock 309334921 | added to current participant
MouseReleased | added to current participant
CreateBlock 652364872 | added to current participant
StartDragBlock 652364872 | added to current participant
MouseClick | added to current participant
EndDragBlock 652364872 | added to current participant
MouseReleased | added to current participant
CreateBlock 901400531 | added to current participant
StartDragBlock 901400531 | added to current participant
MouseClick | added to current participant
EndDragBlock 901400531 | added to current participant
MouseReleased | added to current participant
CreateBlock 842799656 | added to current participant
StartDragBlock 842799656 | added to current participant
MouseClick | added to current participant
EndDragBlock 842799656 | added to current participant
MouseReleased | added to current participant
CreateBlock 1965708710 | added to current participant
StartDragBlock 1965708710 | added to current participant
MouseClick | added to current participant
EndDragBlock 1965708710 | added to current participant
MouseReleased | added to current participant
NewTask 54 | added to current participant
CreateBlock 346030769 | added to current participant
StartDragBlock 346030769 | added to current participant
MouseClick | added to current participant
EndDragBlock 346030769 | added to current participant
MouseReleased | added to current participant
CreateBlock 2112563194 | added to current participant
StartDragBlock 2112563194 | added to current participant
MouseClick | added to current participant
EndDragBlock 2112563194 | added to current participant
MouseReleased | added to current participant
CreateBlock 1043944424 | added to current participant
StartDragBlock 1043944424 | added to current participant
MouseClick | added to current participant
EndDragBlock 1043944424 | added to current participant
MouseReleased | added to current participant
CreateBlock 1025104996 | added to current participant
StartDragBlock 1025104996 | added to current participant
MouseClick | added to current participant
EndDragBlock 1025104996 | added to current participant
MouseReleased | added to current participant
CreateBlock 1692967183 | added to current participant
StartDragBlock 1692967183 | added to current participant
MouseClick | added to current participant
EndDragBlock 1692967183 | added to current participant
MouseReleased | added to current participant
CreateBlock 1397554341 | added to current participant
StartDragBlock 1397554341 | added to current participant
MouseClick | added to current participant
EndDragBlock 1397554341 | added to current participant
MouseReleased | added to current participant
CreateBlock 1771717627 | added to current participant
StartDragBlock 1771717627 | added to current participant
MouseClick | added to current participant
EndDragBlock 1771717627 | added to current participant
MouseReleased | added to current participant
CreateBlock 1867965524 | added to current participant
StartDragBlock 1867965524 | added to current participant
MouseClick | added to current participant
EndDragBlock 1867965524 | added to current participant
MouseReleased | added to current participant
CreateBlock 761606185 | added to current participant
StartDragBlock 761606185 | added to current participant
MouseClick | added to current participant
EndDragBlock 761606185 | added to current participant
MouseReleased | added to current participant
CreateBlock 944367934 | added to current participant
StartDragBlock 944367934 | added to current participant
MouseClick | added to current participant
EndDragBlock 944367934 | added to current participant
MouseReleased | added to current participant
CreateBlock 287182059 | added to current participant
StartDragBlock 287182059 | added to current participant
MouseClick | added to current participant
EndDragBlock 287182059 | added to current participant
MouseReleased | added to current participant
KeyPressRight | added to current participant
KeyPressRight | added to current participant
KeyPressRight | added to current participant
KeyPressRight | added to current participant
KeyPressRight | added to current participant
KeyPressRight | added to current participant
KeyPressRight | added to current participant
KeyPressRight | added to current participant
KeyPressRight | added to current participant
StartDragBlock 761606185 | added to current participant
MouseClick | added to current participant
EndDragBlock 761606185 | added to current participant
MouseReleased | added to current participant
StartDragBlock 761606185 | added to current participant
MouseClick | added to current participant
EndDragBlock 761606185 | added to current participant
MouseReleased | added to current participant
CreateBlock 1123627503 | added to current participant
StartDragBlock 1123627503 | added to current participant
MouseClick | added to current participant
EndDragBlock 1123627503 | added to current participant
MouseReleased | added to current participant
NewTask 52 | added to current participant
CreateBlock 926672832 | added to current participant
StartDragBlock 926672832 | added to current participant
MouseClick | added to current participant
EndDragBlock 926672832 | added to current participant
MouseReleased | added to current participant
CreateBlock 1403689550 | added to current participant
StartDragBlock 1403689550 | added to current participant
MouseClick | added to current participant
EndDragBlock 1403689550 | added to current participant
MouseReleased | added to current participant
CreateBlock 651594350 | added to current participant
StartDragBlock 651594350 | added to current participant
MouseClick | added to current participant
EndDragBlock 651594350 | added to current participant
MouseReleased | added to current participant
CreateBlock 1214582637 | added to current participant
StartDragBlock 1214582637 | added to current participant
MouseClick | added to current participant
EndDragBlock 1214582637 | added to current participant
MouseReleased | added to current participant
CreateBlock 703418892 | added to current participant
StartDragBlock 703418892 | added to current participant
MouseClick | added to current participant
EndDragBlock 703418892 | added to current participant
MouseReleased | added to current participant
CreateBlock 918296398 | added to current participant
StartDragBlock 918296398 | added to current participant
MouseClick | added to current participant
EndDragBlock 918296398 | added to current participant
MouseReleased | added to current participant
CreateBlock 1916796804 | added to current participant
StartDragBlock 1916796804 | added to current participant
MouseClick | added to current participant
EndDragBlock 1916796804 | added to current participant
MouseReleased | added to current participant
CreateBlock 1971497679 | added to current participant
StartDragBlock 1971497679 | added to current participant
MouseClick | added to current participant
EndDragBlock 1971497679 | added to current participant
MouseReleased | added to current participant
CreateBlock 1193034305 | added to current participant
StartDragBlock 1193034305 | added to current participant
MouseClick | added to current participant
EndDragBlock 1193034305 | added to current participant
MouseReleased | added to current participant
MouseClick | added to current participant
CreateBlock 382789952 | added to current participant
StartDragBlock 382789952 | added to current participant
MouseClick | added to current participant
EndDragBlock 382789952 | added to current participant
MouseReleased | added to current participant
CreateBlock 2044438336 | added to current participant
StartDragBlock 2044438336 | added to current participant
MouseClick | added to current participant
EndDragBlock 2044438336 | added to current participant
MouseReleased | added to current participant
CreateBlock 1530157952 | added to current participant
StartDragBlock 1530157952 | added to current participant
MouseClick | added to current participant
Opened Leap.log
NewTask 1 | added to current participant
CreateBlock 881639705 | added to current participant
StartDragBlock 881639705 | added to current participant
DeleteBlock 881639705 | added to current participant
EndDragBlock 881639705 | added to current participant
CreateBlock 733217929 | added to current participant
StartDragBlock 733217929 | added to current participant
EndDragBlock 733217929 | added to current participant
CreateBlock 965689127 | added to current participant
StartDragBlock 965689127 | added to current participant
EndDragBlock 965689127 | added to current participant
CreateBlock 367872691 | added to current participant
StartDragBlock 367872691 | added to current participant
EndDragBlock 367872691 | added to current participant
StartDragBlock 367872691 | added to current participant
EndDragBlock 367872691 | added to current participant
StartDragBlock 367872691 | added to current participant
EndDragBlock 367872691 | added to current participant
CreateBlock 1658051055 | added to current participant
StartDragBlock 1658051055 | added to current participant
EndDragBlock 1658051055 | added to current participant
StartDragBlock 1658051055 | added to current participant
EndDragBlock 1658051055 | added to current participant
StartDragBlock 1658051055 | added to current participant
EndDragBlock 1658051055 | added to current participant
StartDragBlock 1658051055 | added to current participant
EndDragBlock 1658051055 | added to current participant
NewTask 17 | added to current participant
CreateBlock 1797952629 | added to current participant
StartDragBlock 1797952629 | added to current participant
EndDragBlock 1797952629 | added to current participant
CreateBlock 1380008161 | added to current participant
StartDragBlock 1380008161 | added to current participant
EndDragBlock 1380008161 | added to current participant
CreateBlock 1284577352 | added to current participant
StartDragBlock 1284577352 | added to current participant
EndDragBlock 1284577352 | added to current participant
CreateBlock 1812407621 | added to current participant
StartDragBlock 1812407621 | added to current participant
EndDragBlock 1812407621 | added to current participant
StartDragBlock 1812407621 | added to current participant
EndDragBlock 1812407621 | added to current participant
StartDragBlock 1812407621 | added to current participant
EndDragBlock 1812407621 | added to current participant
NewTask 19 | added to current participant
CreateBlock 773051687 | added to current participant
StartDragBlock 773051687 | added to current participant
EndDragBlock 773051687 | added to current participant
CreateBlock 1982995896 | added to current participant
StartDragBlock 1982995896 | added to current participant
EndDragBlock 1982995896 | added to current participant
StartDragBlock 1982995896 | added to current participant
EndDragBlock 1982995896 | added to current participant
StartDragBlock 1982995896 | added to current participant
EndDragBlock 1982995896 | added to current participant
CreateBlock 660396354 | added to current participant
StartDragBlock 660396354 | added to current participant
EndDragBlock 660396354 | added to current participant
CreateBlock 270009137 | added to current participant
StartDragBlock 270009137 | added to current participant
EndDragBlock 270009137 | added to current participant
StartDragBlock 270009137 | added to current participant
EndDragBlock 270009137 | added to current participant
StartDragBlock 270009137 | added to current participant
EndDragBlock 270009137 | added to current participant
StartDragBlock 270009137 | added to current participant
EndDragBlock 270009137 | added to current participant
NewTask 27 | added to current participant
CreateBlock 712521145 | added to current participant
StartDragBlock 712521145 | added to current participant
EndDragBlock 712521145 | added to current participant
CreateBlock 44120858 | added to current participant
StartDragBlock 44120858 | added to current participant
EndDragBlock 44120858 | added to current participant
CreateBlock 2043299261 | added to current participant
StartDragBlock 2043299261 | added to current participant
DeleteBlock 2043299261 | added to current participant
EndDragBlock 2043299261 | added to current participant
CreateBlock 305402861 | added to current participant
StartDragBlock 305402861 | added to current participant
EndDragBlock 305402861 | added to current participant
CreateBlock 2064517129 | added to current participant
StartDragBlock 2064517129 | added to current participant
EndDragBlock 2064517129 | added to current participant
CreateBlock 162578147 | added to current participant
StartDragBlock 162578147 | added to current participant
EndDragBlock 162578147 | added to current participant
CreateBlock 665451432 | added to current participant
StartDragBlock 665451432 | added to current participant
EndDragBlock 665451432 | added to current participant
StartDragBlock 665451432 | added to current participant
EndDragBlock 665451432 | added to current participant
CreateBlock 2018102795 | added to current participant
StartDragBlock 2018102795 | added to current participant
EndDragBlock 2018102795 | added to current participant
StartDragBlock 162578147 | added to current participant
EndDragBlock 162578147 | added to current participant
StartDragBlock 2018102795 | added to current participant
EndDragBlock 2018102795 | added to current participant
StartDragBlock 2018102795 | added to current participant
EndDragBlock 2018102795 | added to current participant
StartDragBlock 2018102795 | added to current participant
EndDragBlock 2018102795 | added to current participant
StartDragBlock 2018102795 | added to current participant
EndDragBlock 2018102795 | added to current participant
StartDragBlock 2018102795 | added to current participant
EndDragBlock 2018102795 | added to current participant
CreateBlock 1704820253 | added to current participant
StartDragBlock 1704820253 | added to current participant
EndDragBlock 1704820253 | added to current participant
StartDragBlock 1704820253 | added to current participant
DeleteBlock 1704820253 | added to current participant
EndDragBlock 1704820253 | added to current participant
StartDragBlock 162578147 | added to current participant
DeleteBlock 162578147 | added to current participant
EndDragBlock 162578147 | added to current participant
StartDragBlock 2018102795 | added to current participant
DeleteBlock 2018102795 | added to current participant
EndDragBlock 2018102795 | added to current participant
CreateBlock 1590590063 | added to current participant
StartDragBlock 1590590063 | added to current participant
EndDragBlock 1590590063 | added to current participant
StartDragBlock 1590590063 | added to current participant
EndDragBlock 1590590063 | added to current participant
CreateBlock 475423362 | added to current participant
StartDragBlock 475423362 | added to current participant
EndDragBlock 475423362 | added to current participant
CreateBlock 1745548594 | added to current participant
StartDragBlock 1745548594 | added to current participant
EndDragBlock 1745548594 | added to current participant
NewTask 23 | added to current participant
CreateBlock 1598462840 | added to current participant
StartDragBlock 1598462840 | added to current participant
EndDragBlock 1598462840 | added to current participant
CreateBlock 661399009 | added to current participant
StartDragBlock 661399009 | added to current participant
EndDragBlock 661399009 | added to current participant
CreateBlock 194007695 | added to current participant
StartDragBlock 194007695 | added to current participant
EndDragBlock 194007695 | added to current participant
CreateBlock 2107029290 | added to current participant
StartDragBlock 2107029290 | added to current participant
EndDragBlock 2107029290 | added to current participant
CreateBlock 1536107003 | added to current participant
StartDragBlock 1536107003 | added to current participant
EndDragBlock 1536107003 | added to current participant
CreateBlock 260823066 | added to current participant
StartDragBlock 260823066 | added to current participant
EndDragBlock 260823066 | added to current participant
CreateBlock 758674737 | added to current participant
StartDragBlock 758674737 | added to current participant
EndDragBlock 758674737 | added to current participant
CreateBlock 689485676 | added to current participant
StartDragBlock 689485676 | added to current participant
EndDragBlock 689485676 | added to current participant
NewTask 32 | added to current participant
CreateBlock 1009741222 | added to current participant
StartDragBlock 1009741222 | added to current participant
EndDragBlock 1009741222 | added to current participant
CreateBlock 2065166906 | added to current participant
StartDragBlock 2065166906 | added to current participant
EndDragBlock 2065166906 | added to current participant
CreateBlock 1868436009 | added to current participant
StartDragBlock 1868436009 | added to current participant
DeleteBlock 1868436009 | added to current participant
EndDragBlock 1868436009 | added to current participant
CreateBlock 1308501132 | added to current participant
StartDragBlock 1308501132 | added to current participant
EndDragBlock 1308501132 | added to current participant
CreateBlock 1740691403 | added to current participant
StartDragBlock 1740691403 | added to current participant
EndDragBlock 1740691403 | added to current participant
CreateBlock 974122043 | added to current participant
StartDragBlock 974122043 | added to current participant
EndDragBlock 974122043 | added to current participant
CreateBlock 2011864907 | added to current participant
StartDragBlock 2011864907 | added to current participant
EndDragBlock 2011864907 | added to current participant
StartDragBlock 2011864907 | added to current participant
EndDragBlock 2011864907 | added to current participant
StartDragBlock 2011864907 | added to current participant
EndDragBlock 2011864907 | added to current participant
CreateBlock 1485676397 | added to current participant
StartDragBlock 1485676397 | added to current participant
EndDragBlock 1485676397 | added to current participant
StartDragBlock 1485676397 | added to current participant
EndDragBlock 1485676397 | added to current participant
StartDragBlock 1485676397 | added to current participant
EndDragBlock 1485676397 | added to current participant
CreateBlock 224049802 | added to current participant
StartDragBlock 224049802 | added to current participant
EndDragBlock 224049802 | added to current participant
StartDragBlock 224049802 | added to current participant
DeleteBlock 224049802 | added to current participant
EndDragBlock 224049802 | added to current participant
CreateBlock 1131555501 | added to current participant
StartDragBlock 1131555501 | added to current participant
DeleteBlock 1131555501 | added to current participant
EndDragBlock 1131555501 | added to current participant
CreateBlock 1581735399 | added to current participant
StartDragBlock 1581735399 | added to current participant
DeleteBlock 1581735399 | added to current participant
EndDragBlock 1581735399 | added to current participant
CreateBlock 1645359431 | added to current participant
StartDragBlock 1645359431 | added to current participant
DeleteBlock 1645359431 | added to current participant
EndDragBlock 1645359431 | added to current participant
CreateBlock 597384189 | added to current participant
StartDragBlock 597384189 | added to current participant
DeleteBlock 597384189 | added to current participant
EndDragBlock 597384189 | added to current participant
CreateBlock 784027897 | added to current participant
StartDragBlock 784027897 | added to current participant
EndDragBlock 784027897 | added to current participant
StartDragBlock 784027897 | added to current participant
EndDragBlock 784027897 | added to current participant
StartDragBlock 784027897 | added to current participant
EndDragBlock 784027897 | added to current participant
StartDragBlock 784027897 | added to current participant
DeleteBlock 784027897 | added to current participant
EndDragBlock 784027897 | added to current participant
CreateBlock 1619177346 | added to current participant
StartDragBlock 1619177346 | added to current participant
EndDragBlock 1619177346 | added to current participant
StartDragBlock 1619177346 | added to current participant
EndDragBlock 1619177346 | added to current participant
NewTask 53 | added to current participant
CreateBlock 1900272117 | added to current participant
StartDragBlock 1900272117 | added to current participant
EndDragBlock 1900272117 | added to current participant
CreateBlock 1531400018 | added to current participant
StartDragBlock 1531400018 | added to current participant
EndDragBlock 1531400018 | added to current participant
StartDragBlock 1531400018 | added to current participant
EndDragBlock 1531400018 | added to current participant
StartDragBlock 1531400018 | added to current participant
EndDragBlock 1531400018 | added to current participant
CreateBlock 809665140 | added to current participant
StartDragBlock 809665140 | added to current participant
EndDragBlock 809665140 | added to current participant
CreateBlock 1694424374 | added to current participant
StartDragBlock 1694424374 | added to current participant
EndDragBlock 1694424374 | added to current participant
CreateBlock 959713279 | added to current participant
StartDragBlock 959713279 | added to current participant
EndDragBlock 959713279 | added to current participant
StartDragBlock 959713279 | added to current participant
EndDragBlock 959713279 | added to current participant
CreateBlock 1069306556 | added to current participant
StartDragBlock 1069306556 | added to current participant
EndDragBlock 1069306556 | added to current participant
CreateBlock 2146013947 | added to current participant
StartDragBlock 2146013947 | added to current participant
DeleteBlock 2146013947 | added to current participant
EndDragBlock 2146013947 | added to current participant
CreateBlock 1232830851 | added to current participant
StartDragBlock 1232830851 | added to current participant
DeleteBlock 1232830851 | added to current participant
EndDragBlock 1232830851 | added to current participant
CreateBlock 373007203 | added to current participant
StartDragBlock 373007203 | added to current participant
DeleteBlock 373007203 | added to current participant
EndDragBlock 373007203 | added to current participant
CreateBlock 900115642 | added to current participant
StartDragBlock 900115642 | added to current participant
EndDragBlock 900115642 | added to current participant
CreateBlock 414664954 | added to current participant
StartDragBlock 414664954 | added to current participant
EndDragBlock 414664954 | added to current participant
StartDragBlock 414664954 | added to current participant
EndDragBlock 414664954 | added to current participant
CreateBlock 256450975 | added to current participant
StartDragBlock 256450975 | added to current participant
EndDragBlock 256450975 | added to current participant
StartDragBlock 256450975 | added to current participant
EndDragBlock 256450975 | added to current participant
CreateBlock 1016427031 | added to current participant
StartDragBlock 1016427031 | added to current participant
EndDragBlock 1016427031 | added to current participant
StartDragBlock 1016427031 | added to current participant
EndDragBlock 1016427031 | added to current participant
StartDragBlock 1016427031 | added to current participant
EndDragBlock 1016427031 | added to current participant
StartDragBlock 1016427031 | added to current participant
EndDragBlock 1016427031 | added to current participant
CreateBlock 328726125 | added to current participant
StartDragBlock 328726125 | added to current participant
EndDragBlock 328726125 | added to current participant
CreateBlock 994302556 | added to current participant
StartDragBlock 994302556 | added to current participant
EndDragBlock 994302556 | added to current participant
NewTask 46 | added to current participant
CreateBlock 274222735 | added to current participant
StartDragBlock 274222735 | added to current participant
EndDragBlock 274222735 | added to current participant
CreateBlock 1912263874 | added to current participant
StartDragBlock 1912263874 | added to current participant
EndDragBlock 1912263874 | added to current participant
CreateBlock 2130752140 | added to current participant
StartDragBlock 2130752140 | added to current participant
EndDragBlock 2130752140 | added to current participant
CreateBlock 615450553 | added to current participant
StartDragBlock 615450553 | added to current participant
EndDragBlock 615450553 | added to current participant
CreateBlock 74257302 | added to current participant
StartDragBlock 74257302 | added to current participant
EndDragBlock 74257302 | added to current participant
StartDragBlock 74257302 | added to current participant
EndDragBlock 74257302 | added to current participant
CreateBlock 433098847 | added to current participant
StartDragBlock 433098847 | added to current participant
EndDragBlock 433098847 | added to current participant
CreateBlock 835241460 | added to current participant
StartDragBlock 835241460 | added to current participant
EndDragBlock 835241460 | added to current participant
CreateBlock 1887902631 | added to current participant
StartDragBlock 1887902631 | added to current participant
EndDragBlock 1887902631 | added to current participant
CreateBlock 894574251 | added to current participant
StartDragBlock 894574251 | added to current participant
EndDragBlock 894574251 | added to current participant
CreateBlock 1104753908 | added to current participant
StartDragBlock 1104753908 | added to current participant
EndDragBlock 1104753908 | added to current participant
CreateBlock 1093775894 | added to current participant
StartDragBlock 1093775894 | added to current participant
EndDragBlock 1093775894 | added to current participant
StartDragBlock 1104753908 | added to current participant
EndDragBlock 1104753908 | added to current participant
CreateBlock 798282988 | added to current participant
StartDragBlock 798282988 | added to current participant
EndDragBlock 798282988 | added to current participant
NewTask 41 | added to current participant
CreateBlock 1601747574 | added to current participant
StartDragBlock 1601747574 | added to current participant
EndDragBlock 1601747574 | added to current participant
CreateBlock 1581241198 | added to current participant
StartDragBlock 1581241198 | added to current participant
EndDragBlock 1581241198 | added to current participant
CreateBlock 2001722747 | added to current participant
StartDragBlock 2001722747 | added to current participant
EndDragBlock 2001722747 | added to current participant
CreateBlock 874514600 | added to current participant
StartDragBlock 874514600 | added to current participant
EndDragBlock 874514600 | added to current participant
StartDragBlock 874514600 | added to current participant
EndDragBlock 874514600 | added to current participant
CreateBlock 902758657 | added to current participant
StartDragBlock 902758657 | added to current participant
EndDragBlock 902758657 | added to current participant
StartDragBlock 902758657 | added to current participant
EndDragBlock 902758657 | added to current participant
StartDragBlock 902758657 | added to current participant
EndDragBlock 902758657 | added to current participant
StartDragBlock 874514600 | added to current participant
EndDragBlock 874514600 | added to current participant
StartDragBlock 902758657 | added to current participant
EndDragBlock 902758657 | added to current participant
CreateBlock 1286237438 | added to current participant
StartDragBlock 1286237438 | added to current participant
EndDragBlock 1286237438 | added to current participant
StartDragBlock 1286237438 | added to current participant
EndDragBlock 1286237438 | added to current participant
StartDragBlock 1286237438 | added to current participant
EndDragBlock 1286237438 | added to current participant
StartDragBlock 1286237438 | added to current participant
EndDragBlock 1286237438 | added to current participant
StartDragBlock 1286237438 | added to current participant
EndDragBlock 1286237438 | added to current participant
CreateBlock 898531462 | added to current participant
StartDragBlock 898531462 | added to current participant
EndDragBlock 898531462 | added to current participant
StartDragBlock 898531462 | added to current participant
EndDragBlock 898531462 | added to current participant
StartDragBlock 898531462 | added to current participant
EndDragBlock 898531462 | added to current participant
CreateBlock 1648736174 | added to current participant
StartDragBlock 1648736174 | added to current participant
EndDragBlock 1648736174 | added to current participant
StartDragBlock 1648736174 | added to current participant
EndDragBlock 1648736174 | added to current participant
StartDragBlock 1648736174 | added to current participant
DeleteBlock 1648736174 | added to current participant
EndDragBlock 1648736174 | added to current participant
CreateBlock 631276359 | added to current participant
StartDragBlock 631276359 | added to current participant
EndDragBlock 631276359 | added to current participant
CreateBlock 27907545 | added to current participant
StartDragBlock 27907545 | added to current participant
EndDragBlock 27907545 | added to current participant
StartDragBlock 27907545 | added to current participant
EndDragBlock 27907545 | added to current participant
CreateBlock 382070793 | added to current participant
StartDragBlock 382070793 | added to current participant
EndDragBlock 382070793 | added to current participant
CreateBlock 812944901 | added to current participant
StartDragBlock 812944901 | added to current participant
DeleteBlock 812944901 | added to current participant
EndDragBlock 812944901 | added to current participant
CreateBlock 1985551468 | added to current participant
StartDragBlock 1985551468 | added to current participant
EndDragBlock 1985551468 | added to current participant
CreateBlock 1557439560 | added to current participant
StartDragBlock 1557439560 | added to current participant
Finished Parsing raw log files
