Frame 163
NewTask 8
Frame 312
Frame 344
MouseLocDelta 679.0, 276.0
Frame 377
Frame 410
Frame 444
Frame 477
Frame 511
Frame 545
MouseLocDelta 5.0, 6.0
Frame 578
MouseLocDelta 6.0, 14.0
Frame 611
MouseLocDelta 3.0, 7.0
Frame 645
Frame 678
MouseLocDelta 0.0, 4.0
Frame 711
CreateBlock 208514238
MouseLocDelta 0.0, 6.0
Frame 745
CreateBlock 1952969809
MouseLocDelta 0.0, 1.0
Frame 777
CreateBlock 1423519115
Frame 810
CreateBlock 2117938225
Frame 844
CreateBlock 1646298550
MouseLocDelta -16.0, 45.0
Frame 877
CreateBlock 648467088
MouseLocDelta -9.0, 12.0
Frame 910
CreateBlock 306839491
Frame 944
CreateBlock 943088790
Frame 977
CreateBlock 2063978670
Frame 1010
CreateBlock 986156699
MouseLocDelta -1.0, 0.0
Frame 1044
CreateBlock 56852547
Frame 1077
CreateBlock 2038018161
Frame 1110
CreateBlock 607062277
Frame 1144
CreateBlock 200882642
Frame 1177
CreateBlock 390271010
MouseLocDelta 0.0, 1.0
Frame 1210
CreateBlock 869807132
MouseLocDelta 3.0, 0.0
Frame 1244
CreateBlock 927282395
MouseLocDelta 8.0, 0.0
Frame 1277
CreateBlock 546386486
MouseLocDelta 2.0, 0.0
Frame 1310
CreateBlock 477595630
MouseLocDelta 3.0, 0.0
Frame 1344
CreateBlock 1803364571
MouseLocDelta 3.0, 0.0
Frame 1377
CreateBlock 1711634686
MouseLocDelta 1.0, 0.0
Frame 1410
CreateBlock 1900716037
Frame 1444
CreateBlock 1515184734
MouseLocDelta 2.0, 0.0
Frame 1477
CreateBlock 848738212
MouseLocDelta 1.0, 0.0
Frame 1510
CreateBlock 1156745710
Frame 1544
CreateBlock 255691679
MouseLocDelta 6.0, 0.0
Frame 1577
CreateBlock 295271306
MouseLocDelta 3.0, 0.0
Frame 1610
CreateBlock 1937615372
Frame 1644
CreateBlock 1059534096
MouseLocDelta 1.0, 0.0
Frame 1677
CreateBlock 655150548
Frame 1710
CreateBlock 966602067
Frame 1744
CreateBlock 2114634161
Frame 1777
CreateBlock 1949469724
MouseLocDelta 2.0, 0.0
Frame 1811
CreateBlock 579648989
MouseLocDelta 1.0, 0.0
Frame 1845
CreateBlock 1174735331
MouseLocDelta 1.0, 0.0
Frame 1878
CreateBlock 588719767
MouseLocDelta 1.0, 0.0
Frame 1911
CreateBlock 1155962240
MouseLocDelta 1.0, 0.0
Frame 1945
CreateBlock 486662508
Frame 1978
CreateBlock 1719044180
MouseLocDelta 2.0, 0.0
Frame 2011
CreateBlock 1878030169
Frame 2044
CreateBlock 338406777
Frame 2077
CreateBlock 1066003783
Frame 2110
CreateBlock 2016997607
MouseLocDelta 1.0, 0.0
Frame 2145
CreateBlock 1649412954
Frame 2177
CreateBlock 825622087
StartDragBlock 825622087
MoveBlock 825622087 (47.373962, 9.75, -15.611931)
MouseClick true
Frame 2210
Frame 2244
Frame 2277
MoveBlock 825622087 (44.95179, 9.75, -14.654877)
MouseLocDelta -14.0, -4.0
Frame 2310
MoveBlock 825622087 (35.721897, 9.75, -12.312378)
MouseLocDelta -57.0, -10.0
Frame 2344
MoveBlock 825622087 (22.5, 9.75, -7.5)
MouseLocDelta -87.0, -11.0
Frame 2377
MoveBlock 825622087 (15.0, 9.75, -7.5)
MouseLocDelta -65.0, -10.0
Frame 2410
MoveBlock 825622087 (7.5, 9.75, -7.5)
MouseLocDelta -34.0, -5.0
Frame 2444
MoveBlock 825622087 (0.0, 9.75, -7.5)
MouseLocDelta -32.0, -5.0
Frame 2477
MouseLocDelta -31.0, -4.0
Frame 2510
MoveBlock 825622087 (-7.5, 9.75, -7.5)
MouseLocDelta -27.0, -2.0
Frame 2544
MouseLocDelta -9.0, 0.0
Frame 2578
MouseLocDelta -4.0, 0.0
Frame 2611
MouseLocDelta -2.0, 0.0
Frame 2645
Frame 2678
Frame 2711
Frame 2745
Frame 2778
Frame 2811
Frame 2845
Frame 2878
Frame 2911
EndDragBlock 825622087
MouseLocDelta -1.0, 0.0
MouseReleased true
Frame 2945
MouseLocDelta 10.0, 2.0
Frame 2978
MouseLocDelta 84.0, 8.0
Frame 3010
MouseLocDelta 112.0, 16.0
Frame 3044
CreateBlock 366397964
MouseLocDelta 106.0, 8.0
Frame 3077
CreateBlock 1642222517
MouseLocDelta 40.0, 2.0
Frame 3110
CreateBlock 1127607634
MouseLocDelta 6.0, 0.0
Frame 3144
CreateBlock 149698808
MouseLocDelta 6.0, 1.0
Frame 3177
CreateBlock 197543842
MouseLocDelta 21.0, 0.0
Frame 3210
MouseLocDelta 8.0, 3.0
Frame 3244
Frame 3277
Frame 3310
CreateBlock 81568098
MouseLocDelta -8.0, -3.0
Frame 3344
CreateBlock 820456300
MouseLocDelta -14.0, -4.0
Frame 3377
CreateBlock 416536713
MouseLocDelta -7.0, -1.0
Frame 3410
CreateBlock 2083329818
Frame 3444
CreateBlock 1950870438
Frame 3477
CreateBlock 499129070
Frame 3510
CreateBlock 791154308
StartDragBlock 791154308
MoveBlock 791154308 (46.1131, 9.75, -10.939796)
MouseLocDelta 0.0, -1.0
MouseClick true
Frame 3544
MoveBlock 791154308 (44.953014, 9.75, -10.038689)
MouseLocDelta -6.0, -4.0
Frame 3577
MoveBlock 791154308 (41.418827, 9.75, -8.48645)
MouseLocDelta -21.0, -7.0
Frame 3610
MoveBlock 791154308 (33.802162, 9.75, -6.537674)
MouseLocDelta -49.0, -9.0
Frame 3644
MoveBlock 791154308 (22.5, 9.75, -7.5)
MouseLocDelta -65.0, -8.0
Frame 3677
MoveBlock 791154308 (15.0, 9.75, -7.5)
MouseLocDelta -54.0, -5.0
Frame 3710
MoveBlock 791154308 (15.0, 9.75, 0.0)
MouseLocDelta -19.0, -3.0
Frame 3744
MouseLocDelta -8.0, -1.0
Frame 3777
MouseLocDelta -8.0, 0.0
Frame 3810
MoveBlock 791154308 (7.5, 9.75, 0.0)
MouseLocDelta -18.0, -4.0
Frame 3844
MouseLocDelta -11.0, -3.0
Frame 3877
MouseLocDelta -4.0, -2.0
Frame 3911
MouseLocDelta -5.0, -3.0
Frame 3944
MouseLocDelta -11.0, -2.0
Frame 3978
MoveBlock 791154308 (0.0, 9.75, 0.0)
MouseLocDelta -14.0, 0.0
Frame 4011
MouseLocDelta -8.0, 0.0
Frame 4045
Frame 4078
MouseLocDelta -1.0, 0.0
Frame 4111
Frame 4145
Frame 4177
Frame 4210
Frame 4244
EndDragBlock 791154308
MouseReleased true
Frame 4277
MouseLocDelta 98.0, 0.0
Frame 4310
CreateBlock 1580559195
MouseLocDelta 170.0, 21.0
Frame 4344
MouseLocDelta 82.0, 12.0
Frame 4377
MouseLocDelta 12.0, 1.0
Frame 4410
Frame 4444
MouseLocDelta 5.0, 0.0
Frame 4477
MouseLocDelta 1.0, 0.0
Frame 4510
Frame 4544
Frame 4577
MouseLocDelta -9.0, 0.0
Frame 4610
MouseLocDelta -19.0, 1.0
Frame 4644
MouseLocDelta -10.0, 1.0
Frame 4677
MouseLocDelta -1.0, 1.0
Frame 4710
CreateBlock 874655320
MouseLocDelta -5.0, 0.0
Frame 4744
CreateBlock 806399525
MouseLocDelta -7.0, 1.0
Frame 4777
CreateBlock 387520458
Frame 4810
CreateBlock 1885919902
Frame 4844
CreateBlock 1944646841
MouseLocDelta -3.0, 0.0
Frame 4877
CreateBlock 1125832994
MouseLocDelta -2.0, 0.0
Frame 4911
CreateBlock 396716441
StartDragBlock 396716441
MoveBlock 396716441 (46.69727, 9.75, -8.048759)
MouseClick true
Frame 4945
Frame 4978
MoveBlock 396716441 (45.172043, 9.75, -7.831299)
MouseLocDelta -10.0, -1.0
Frame 5011
MoveBlock 396716441 (39.05893, 9.75, -6.7517853)
MouseLocDelta -40.0, -5.0
Frame 5045
MoveBlock 396716441 (29.845789, 9.75, -4.847145)
MouseLocDelta -61.0, -9.0
Frame 5078
MoveBlock 396716441 (22.5, 9.75, 0.0)
MouseLocDelta -76.0, -9.0
Frame 5111
MoveBlock 396716441 (7.5, 9.75, 0.0)
MouseLocDelta -59.0, -6.0
Frame 5145
MouseLocDelta -34.0, -7.0
Frame 5178
MoveBlock 396716441 (0.0, 9.75, 0.0)
MouseLocDelta -17.0, -4.0
Frame 5210
MouseLocDelta -4.0, 0.0
Frame 5245
MouseLocDelta -5.0, 0.0
Frame 5277
MouseLocDelta -3.0, 0.0
Frame 5310
MouseLocDelta -2.0, 0.0
Frame 5344
ScrollDelta 1.2
Frame 5377
MoveBlock 396716441 (0.0, 10.95, 0.0)
Frame 5410
Frame 5444
Frame 5477
Frame 5510
Frame 5544
Frame 5577
Frame 5610
Frame 5644
Frame 5677
EndDragBlock 396716441
MouseLocDelta -2.0, 1.0
MouseReleased true
Frame 5710
Frame 5744
Frame 5777
MouseLocDelta 21.0, 9.0
Frame 5810
MouseLocDelta 106.0, 21.0
Frame 5844
CreateBlock 659009992
MouseLocDelta 147.0, 14.0
Frame 5877
CreateBlock 1407767965
MouseLocDelta 39.0, 6.0
Frame 5910
CreateBlock 1528848756
MouseLocDelta 1.0, 0.0
Frame 5944
CreateBlock 719205737
Frame 5977
CreateBlock 1652856443
Frame 6010
CreateBlock 1857263556
Frame 6044
CreateBlock 1353776547
Frame 6077
CreateBlock 333185464
Frame 6110
CreateBlock 1358225719
StartDragBlock 1358225719
MoveBlock 1358225719 (47.537155, 9.75, -10.263069)
MouseClick true
Frame 6144
Frame 6178
Frame 6211
MoveBlock 1358225719 (47.092876, 9.75, -10.263069)
MouseLocDelta -3.0, 0.0
Frame 6245
MoveBlock 1358225719 (38.775555, 9.75, -9.591919)
MouseLocDelta -55.0, -3.0
Frame 6278
MoveBlock 1358225719 (31.993523, 9.75, -9.591919)
MouseLocDelta -46.0, 0.0
Frame 6311
MoveBlock 1358225719 (29.766256, 9.75, -10.263077)
MouseLocDelta -16.0, 3.0
Frame 6345
MoveBlock 1358225719 (30.0, 9.75, -7.5)
MouseLocDelta -12.0, 1.0
Frame 6377
MouseLocDelta -12.0, 0.0
ScrollDelta 1.2
Frame 6410
MoveBlock 1358225719 (22.5, 10.95, -7.5)
MouseLocDelta -5.0, 0.0
Frame 6444
MouseLocDelta -18.0, 0.0
Frame 6477
MouseLocDelta -16.0, -4.0
ScrollDelta 1.2
Frame 6510
MoveBlock 1358225719 (22.5, 12.15, -7.5)
MouseLocDelta -5.0, -4.0
Frame 6544
MoveBlock 1358225719 (15.0, 12.15, -7.5)
MouseLocDelta -11.0, -6.0
Frame 6577
MouseLocDelta -26.0, -8.0
ScrollDelta 1.2
Frame 6610
MoveBlock 1358225719 (15.0, 13.349999, -7.5)
MouseLocDelta -15.0, -3.0
Frame 6644
MoveBlock 1358225719 (7.5, 13.349999, -7.5)
MouseLocDelta -17.0, -3.0
Frame 6677
MouseLocDelta -15.0, -2.0
Frame 6710
MoveBlock 1358225719 (7.5, 13.349999, 0.0)
MouseLocDelta -12.0, -3.0
ScrollDelta 1.2
Frame 6744
MoveBlock 1358225719 (7.5, 14.549999, 0.0)
MouseLocDelta -4.0, 0.0
Frame 6777
MouseLocDelta -1.0, 0.0
Frame 6810
MouseLocDelta -4.0, 0.0
Frame 6844
MoveBlock 1358225719 (0.0, 14.549999, 0.0)
MouseLocDelta -6.0, 0.0
Frame 6877
MouseLocDelta -1.0, 0.0
Frame 6910
MouseLocDelta -2.0, 1.0
Frame 6944
MoveBlock 1358225719 (0.0, 14.549999, -7.5)
MouseLocDelta -3.0, 4.0
Frame 6977
MouseLocDelta -5.0, 4.0
Frame 7010
MouseLocDelta -1.0, 1.0
Frame 7044
MouseLocDelta -1.0, 1.0
Frame 7077
ScrollDelta 1.2
Frame 7110
MoveBlock 1358225719 (0.0, 15.749999, -7.5)
Frame 7144
Frame 7177
Frame 7210
Frame 7244
Frame 7277
Frame 7310
Frame 7344
Frame 7377
Frame 7410
Frame 7444
MouseLocDelta -1.0, 1.0
Frame 7478
Frame 7511
Frame 7545
MouseLocDelta 2.0, 0.0
Frame 7578
MouseLocDelta 4.0, -7.0
Frame 7611
MoveBlock 1358225719 (0.0, 15.749999, 0.0)
MouseLocDelta 1.0, -5.0
Frame 7645
MouseLocDelta 0.0, -3.0
Frame 7678
MouseLocDelta 0.0, -1.0
Frame 7710
Frame 7744
Frame 7777
Frame 7810
Frame 7844
Frame 7877
Frame 7910
Frame 7944
Frame 7977
Frame 8010
Frame 8044
Frame 8077
Frame 8110
Frame 8144
Frame 8177
Frame 8210
EndDragBlock 1358225719
MouseReleased true
NewTask 18
Frame 8244
Frame 8277
MouseLocDelta 0.0, -1.0
Frame 8310
Frame 8344
Frame 8377
Frame 8410
Frame 8444
Frame 8477
MouseLocDelta 6.0, 0.0
Frame 8510
MouseLocDelta 10.0, 0.0
Frame 8544
MouseLocDelta 8.0, 0.0
Frame 8577
MouseLocDelta 12.0, 0.0
Frame 8611
MouseLocDelta 8.0, 0.0
Frame 8645
MouseLocDelta 15.0, 0.0
Frame 8678
MouseLocDelta 50.0, -5.0
Frame 8711
MouseLocDelta 50.0, -6.0
Frame 8745
MouseLocDelta 56.0, 0.0
Frame 8778
MouseLocDelta 98.0, 0.0
Frame 8811
MouseLocDelta 71.0, 10.0
Frame 8845
MouseLocDelta 0.0, 17.0
Frame 8878
MouseLocDelta 0.0, 2.0
Frame 8911
Frame 8945
Frame 8977
MouseLocDelta -16.0, 0.0
Frame 9010
MouseLocDelta -39.0, 0.0
Frame 9044
CreateBlock 1715338428
MouseLocDelta -50.0, 0.0
Frame 9077
CreateBlock 1872482068
MouseLocDelta -13.0, 0.0
Frame 9110
CreateBlock 1580753738
MouseLocDelta -1.0, 0.0
Frame 9144
CreateBlock 1207877529
Frame 9177
CreateBlock 634714812
Frame 9210
CreateBlock 1100570635
Frame 9244
CreateBlock 1014010834
Frame 9277
CreateBlock 49864446
MouseLocDelta 5.0, 0.0
Frame 9310
CreateBlock 553121592
MouseLocDelta 7.0, 0.0
Frame 9344
CreateBlock 2005372528
MouseLocDelta 4.0, 0.0
Frame 9377
CreateBlock 1687722078
MouseLocDelta 1.0, 0.0
Frame 9410
CreateBlock 1580955370
MouseLocDelta 1.0, 0.0
Frame 9444
CreateBlock 301739259
Frame 9477
CreateBlock 1122835446
StartDragBlock 1122835446
MoveBlock 1122835446 (42.923138, 9.75, -6.1112823)
MouseClick true
Frame 9510
MoveBlock 1122835446 (42.71755, 9.75, -5.8990097)
MouseLocDelta -1.0, -1.0
Frame 9544
MoveBlock 1122835446 (38.56689, 9.75, -3.8097992)
MouseLocDelta -25.0, -10.0
Frame 9577
MoveBlock 1122835446 (30.0, 9.75, 0.0)
MouseLocDelta -59.0, -7.0
Frame 9610
MoveBlock 1122835446 (22.5, 9.75, 0.0)
MouseLocDelta -63.0, -7.0
Frame 9644
MoveBlock 1122835446 (7.5, 9.75, 0.0)
MouseLocDelta -70.0, -2.0
Frame 9677
MoveBlock 1122835446 (0.0, 9.75, 0.0)
MouseLocDelta -64.0, 0.0
Frame 9710
MouseLocDelta -43.0, -3.0
Frame 9744
MoveBlock 1122835446 (-7.5, 9.75, 0.0)
MouseLocDelta -9.0, -3.0
Frame 9777
MouseLocDelta -1.0, 0.0
Frame 9810
Frame 9844
Frame 9878
Frame 9911
MouseLocDelta -1.0, 0.0
Frame 9945
Frame 9978
MouseLocDelta 0.0, -2.0
Frame 10011
MouseLocDelta 1.0, -1.0
Frame 10045
Frame 10078
Frame 10111
Frame 10145
Frame 10177
EndDragBlock 1122835446
MouseReleased true
Frame 10210
MouseLocDelta 43.0, 3.0
Frame 10244
MouseLocDelta 98.0, 15.0
Frame 10277
MouseLocDelta 84.0, 11.0
Frame 10310
MouseLocDelta 31.0, 3.0
Frame 10344
MouseLocDelta 2.0, 1.0
Frame 10377
MouseLocDelta 5.0, 1.0
Frame 10410
MouseLocDelta 21.0, 5.0
Frame 10444
CreateBlock 1747513604
MouseLocDelta 18.0, 8.0
Frame 10477
CreateBlock 472989518
MouseLocDelta 4.0, 3.0
Frame 10510
CreateBlock 1697851479
MouseLocDelta 3.0, 1.0
Frame 10544
CreateBlock 27106217
MouseLocDelta 18.0, 4.0
Frame 10577
CreateBlock 307655955
MouseLocDelta 15.0, 4.0
Frame 10610
CreateBlock 1780497356
Frame 10644
CreateBlock 1781924994
StartDragBlock 1781924994
MoveBlock 1781924994 (45.43695, 9.75, -11.166855)
MouseClick true
Frame 10677
MoveBlock 1781924994 (44.36153, 9.75, -10.038696)
MouseLocDelta -5.0, -5.0
Frame 10710
MoveBlock 1781924994 (36.69123, 9.75, -6.5376663)
MouseLocDelta -46.0, -16.0
Frame 10744
MoveBlock 1781924994 (30.0, 9.75, -7.5)
MouseLocDelta -66.0, -11.0
Frame 10777
MoveBlock 1781924994 (22.5, 9.75, 0.0)
MouseLocDelta -52.0, -7.0
Frame 10810
MoveBlock 1781924994 (15.0, 9.75, 0.0)
MouseLocDelta -25.0, -4.0
Frame 10844
MouseLocDelta -17.0, -2.0
Frame 10877
MouseLocDelta -13.0, -2.0
Frame 10910
MoveBlock 1781924994 (7.5, 9.75, 0.0)
MouseLocDelta -7.0, -1.0
Frame 10945
MouseLocDelta -5.0, 0.0
Frame 10978
MouseLocDelta -8.0, -1.0
Frame 11011
MouseLocDelta -4.0, 0.0
Frame 11045
MouseLocDelta -12.0, 0.0
Frame 11078
MoveBlock 1781924994 (0.0, 9.75, 0.0)
MouseLocDelta -19.0, 0.0
Frame 11111
MouseLocDelta -4.0, 0.0
Frame 11145
MouseLocDelta -1.0, 0.0
Frame 11178
Frame 11211
Frame 11245
Frame 11278
Frame 11311
EndDragBlock 1781924994
MouseReleased true
Frame 11344
MouseLocDelta 32.0, 0.0
Frame 11377
MouseLocDelta 100.0, 12.0
Frame 11410
MouseLocDelta 103.0, 12.0
Frame 11444
CreateBlock 706685788
MouseLocDelta 29.0, 3.0
Frame 11477
CreateBlock 1000148617
MouseLocDelta 6.0, 0.0
Frame 11510
CreateBlock 1921196241
MouseLocDelta 4.0, 1.0
Frame 11544
CreateBlock 279399121
MouseLocDelta 1.0, 1.0
Frame 11577
CreateBlock 827822455
MouseLocDelta 2.0, 1.0
Frame 11610
CreateBlock 1516006997
Frame 11644
CreateBlock 1783610571
StartDragBlock 1783610571
MoveBlock 1783610571 (43.171967, 9.75, -6.96653)
MouseClick true
Frame 11677
Frame 11710
MoveBlock 1783610571 (35.80299, 9.75, -5.2662277)
MouseLocDelta -48.0, -8.0
Frame 11744
MoveBlock 1783610571 (22.5, 9.75, 0.0)
MouseLocDelta -111.0, -13.0
Frame 11777
MoveBlock 1783610571 (7.5, 9.75, 0.0)
MouseLocDelta -75.0, -5.0
Frame 11810
MoveBlock 1783610571 (0.0, 9.75, 0.0)
MouseLocDelta -40.0, 0.0
Frame 11844
MouseLocDelta -17.0, 0.0
Frame 11877
MouseLocDelta -13.0, -1.0
Frame 11910
MouseLocDelta -5.0, 0.0
Frame 11944
MouseLocDelta -1.0, 0.0
Frame 11977
MouseLocDelta -2.0, 0.0
Frame 12010
MouseLocDelta -2.0, 0.0
Frame 12044
ScrollDelta 1.2
Frame 12077
MoveBlock 1783610571 (0.0, 10.95, 0.0)
Frame 12110
Frame 12144
Frame 12178
Frame 12211
Frame 12245
Frame 12278
MouseLocDelta -1.0, 0.0
Frame 12311
MouseLocDelta -9.0, -1.0
Frame 12345
MoveBlock 1783610571 (-7.5, 10.95, 0.0)
MouseLocDelta -9.0, -2.0
Frame 12378
MouseLocDelta -6.0, -1.0
Frame 12410
MouseLocDelta -10.0, 0.0
Frame 12444
MouseLocDelta -13.0, 0.0
Frame 12477
MouseLocDelta -2.0, 0.0
Frame 12510
Frame 12544
Frame 12577
Frame 12610
Frame 12644
EndDragBlock 1783610571
MouseReleased true
Frame 12677
MouseLocDelta 56.0, 3.0
Frame 12710
MouseLocDelta 139.0, 25.0
Frame 12744
CreateBlock 1575367607
MouseLocDelta 142.0, 21.0
Frame 12777
CreateBlock 877486986
MouseLocDelta 29.0, 4.0
Frame 12810
CreateBlock 1153569753
MouseLocDelta 1.0, 0.0
Frame 12844
CreateBlock 564473555
Frame 12877
CreateBlock 1671770086
Frame 12910
CreateBlock 1911281701
Frame 12944
CreateBlock 851156881
Frame 12977
CreateBlock 1005126300
StartDragBlock 1005126300
MoveBlock 1005126300 (45.04243, 9.75, -11.852119)
MouseClick true
Frame 13010
Frame 13044
MoveBlock 1005126300 (42.01914, 9.75, -9.591927)
MouseLocDelta -16.0, -10.0
Frame 13077
MoveBlock 1005126300 (30.523834, 9.75, -6.7517853)
MouseLocDelta -74.0, -13.0
Frame 13110
MoveBlock 1005126300 (15.0, 9.75, -7.5)
MouseLocDelta -99.0, -10.0
Frame 13144
MoveBlock 1005126300 (7.5, 9.75, 0.0)
MouseLocDelta -56.0, -8.0
Frame 13177
MouseLocDelta -21.0, -6.0
Frame 13210
MoveBlock 1005126300 (0.0, 9.75, 0.0)
MouseLocDelta -12.0, -3.0
Frame 13244
MouseLocDelta -13.0, -3.0
Frame 13277
MouseLocDelta -14.0, -4.0
Frame 13311
MouseLocDelta -1.0, 0.0
Frame 13345
Frame 13378
Frame 13411
Frame 13445
Frame 13478
Frame 13511
Frame 13545
EndDragBlock 1005126300
MouseReleased true
NewTask 5
Frame 13577
Frame 13610
Frame 13644
Frame 13677
Frame 13710
MouseLocDelta 36.0, 4.0
Frame 13744
MouseLocDelta 120.0, 25.0
Frame 13777
CreateBlock 1174217921
MouseLocDelta 134.0, 22.0
Frame 13810
MouseLocDelta 86.0, 20.0
Frame 13844
MouseLocDelta 14.0, 8.0
Frame 13877
Frame 13910
Frame 13944
Frame 13977
MouseLocDelta -1.0, -7.0
Frame 14010
MouseLocDelta -4.0, -10.0
Frame 14044
MouseLocDelta -2.0, -8.0
Frame 14077
MouseLocDelta -7.0, -5.0
Frame 14110
MouseLocDelta -8.0, -3.0
Frame 14144
MouseLocDelta -7.0, -2.0
Frame 14177
MouseLocDelta -11.0, -1.0
Frame 14210
CreateBlock 1853365964
MouseLocDelta -12.0, 0.0
Frame 14244
CreateBlock 271457213
MouseLocDelta -5.0, 0.0
Frame 14277
CreateBlock 1126112663
MouseLocDelta -6.0, 0.0
Frame 14310
CreateBlock 802146030
MouseLocDelta -3.0, 0.0
Frame 14344
CreateBlock 1913473991
MouseLocDelta -2.0, 0.0
Frame 14377
CreateBlock 1189752912
MouseLocDelta -4.0, 0.0
Frame 14410
CreateBlock 956954767
MouseLocDelta -1.0, 0.0
Frame 14444
CreateBlock 1033736586
Frame 14478
CreateBlock 868096672
Frame 14511
CreateBlock 96868586
StartDragBlock 96868586
MoveBlock 96868586 (45.58354, 9.75, -8.706245)
MouseLocDelta -1.0, 0.0
MouseClick true
Frame 14545
MoveBlock 96868586 (45.43697, 9.75, -8.706238)
MouseLocDelta -1.0, 0.0
Frame 14578
MoveBlock 96868586 (40.979763, 9.75, -8.486443)
MouseLocDelta -30.0, -1.0
Frame 14611
MoveBlock 96868586 (28.832184, 9.75, -8.486443)
MouseLocDelta -83.0, 0.0
Frame 14645
MoveBlock 96868586 (22.5, 9.75, -7.5)
MouseLocDelta -57.0, 0.0
Frame 14677
MoveBlock 96868586 (15.0, 9.75, -7.5)
MouseLocDelta -45.0, 0.0
Frame 14710
MoveBlock 96868586 (7.5, 9.75, -7.5)
MouseLocDelta -59.0, 0.0
Frame 14744
MoveBlock 96868586 (0.0, 9.75, -7.5)
MouseLocDelta -48.0, 0.0
Frame 14777
MoveBlock 96868586 (-7.5, 9.75, -7.5)
MouseLocDelta -22.0, -3.0
Frame 14810
MouseLocDelta -7.0, -1.0
Frame 14844
MouseLocDelta -1.0, 0.0
Frame 14877
MouseLocDelta -5.0, 0.0
Frame 14910
MouseLocDelta -9.0, 0.0
Frame 14944
MouseLocDelta -5.0, 0.0
Frame 14977
Frame 15011
MouseLocDelta -6.0, 1.0
Frame 15044
MouseLocDelta -6.0, 0.0
Frame 15077
MouseLocDelta -1.0, 0.0
Frame 15110
MouseLocDelta -1.0, 0.0
Frame 15144
MoveBlock 96868586 (-15.0, 9.75, -7.5)
MouseLocDelta -3.0, 1.0
Frame 15177
MouseLocDelta -3.0, 1.0
Frame 15210
MouseLocDelta -2.0, 1.0
Frame 15244
MouseLocDelta -5.0, 1.0
Frame 15277
MouseLocDelta -2.0, 0.0
Frame 15310
MouseLocDelta -2.0, 0.0
Frame 15344
MouseLocDelta -2.0, 1.0
Frame 15377
Frame 15410
EndDragBlock 96868586
MouseLocDelta 0.0, 1.0
MouseReleased true
Frame 15444
Frame 15477
MouseLocDelta 57.0, -2.0
Frame 15510
MouseLocDelta 189.0, 8.0
Frame 15544
CreateBlock 2051369004
MouseLocDelta 148.0, 18.0
Frame 15577
MouseLocDelta 41.0, 3.0
Frame 15610
MouseLocDelta 4.0, 0.0
Frame 15644
Frame 15677
Frame 15710
Frame 15744
Frame 15777
Frame 15811
MouseLocDelta -5.0, -1.0
Frame 15845
CreateBlock 2092733799
MouseLocDelta -16.0, -3.0
Frame 15878
CreateBlock 1089789227
MouseLocDelta -5.0, 0.0
Frame 15911
CreateBlock 199512926
MouseLocDelta -1.0, -1.0
Frame 15945
CreateBlock 991774315
MouseLocDelta -6.0, -2.0
Frame 15978
CreateBlock 2130327838
MouseLocDelta -8.0, -3.0
Frame 16011
CreateBlock 1572610482
MouseLocDelta -7.0, -2.0
Frame 16044
CreateBlock 1783127345
MouseLocDelta -4.0, -2.0
Frame 16078
CreateBlock 886993530
MouseLocDelta -1.0, -1.0
Frame 16110
CreateBlock 2016264883
StartDragBlock 2016264883
MoveBlock 2016264883 (43.630333, 9.75, -11.623009)
MouseLocDelta 0.0, -1.0
MouseClick true
Frame 16144
MoveBlock 2016264883 (43.35131, 9.75, -11.166855)
MouseLocDelta -1.0, -2.0
Frame 16177
MoveBlock 2016264883 (42.47984, 9.75, -10.713417)
MouseLocDelta -5.0, -2.0
Frame 16210
MoveBlock 2016264883 (36.60348, 9.75, -9.147789)
MouseLocDelta -37.0, -7.0
Frame 16244
MoveBlock 2016264883 (22.5, 9.75, -7.5)
MouseLocDelta -77.0, 0.0
Frame 16277
MoveBlock 2016264883 (15.0, 9.75, -7.5)
MouseLocDelta -51.0, -3.0
Frame 16310
MouseLocDelta -32.0, 0.0
Frame 16344
MoveBlock 2016264883 (7.5, 9.75, -7.5)
MouseLocDelta -13.0, 0.0
Frame 16377
MouseLocDelta -22.0, -2.0
Frame 16410
MouseLocDelta -22.0, -1.0
Frame 16444
MouseLocDelta -3.0, -1.0
Frame 16477
Frame 16510
Frame 16544
MouseLocDelta -3.0, -1.0
Frame 16577
Frame 16610
MoveBlock 2016264883 (0.0, 9.75, -7.5)
MouseLocDelta -2.0, 0.0
Frame 16644
MouseLocDelta -5.0, 0.0
Frame 16677
MouseLocDelta -4.0, 0.0
Frame 16710
MouseLocDelta -3.0, 0.0
Frame 16744
MouseLocDelta -4.0, 0.0
Frame 16777
Frame 16810
MouseLocDelta -1.0, 0.0
Frame 16844
MouseLocDelta -2.0, 0.0
Frame 16877
EndDragBlock 2016264883
MouseReleased true
Frame 16911
Frame 16945
MouseLocDelta 34.0, 0.0
Frame 16978
MouseLocDelta 107.0, 1.0
Frame 17011
CreateBlock 1303695653
MouseLocDelta 111.0, 0.0
Frame 17045
CreateBlock 1304555023
MouseLocDelta 49.0, 0.0
Frame 17078
CreateBlock 507831273
MouseLocDelta 1.0, 0.0
Frame 17111
CreateBlock 859741683
Frame 17145
CreateBlock 765155274
Frame 17178
CreateBlock 704456922
MouseLocDelta 2.0, 0.0
Frame 17211
CreateBlock 730142143
Frame 17244
CreateBlock 777438443
Frame 17277
CreateBlock 1117403153
MouseLocDelta -2.0, 0.0
Frame 17310
CreateBlock 450299456
MouseLocDelta -8.0, 0.0
Frame 17344
CreateBlock 450584964
Frame 17377
CreateBlock 954150626
Frame 17410
CreateBlock 1149179033
StartDragBlock 1149179033
MoveBlock 1149179033 (43.36048, 9.75, -7.6144867)
MouseLocDelta -1.0, 0.0
MouseClick true
Frame 17444
MoveBlock 1149179033 (41.169296, 9.75, -6.5376663)
MouseLocDelta -13.0, -5.0
Frame 17477
MoveBlock 1149179033 (35.071884, 9.75, -4.0160904)
MouseLocDelta -38.0, -12.0
Frame 17510
MoveBlock 1149179033 (22.5, 9.75, 0.0)
MouseLocDelta -73.0, -20.0
Frame 17544
MoveBlock 1149179033 (15.0, 9.75, 7.5)
MouseLocDelta -81.0, -25.0
Frame 17577
MoveBlock 1149179033 (7.5, 9.75, 7.5)
MouseLocDelta -44.0, -17.0
Frame 17610
MouseLocDelta -16.0, -8.0
Frame 17644
MoveBlock 1149179033 (0.0, 9.75, 7.5)
MouseLocDelta -10.0, -4.0
Frame 17677
MouseLocDelta -9.0, -5.0
Frame 17710
MoveBlock 1149179033 (0.0, 9.75, 15.0)
MouseLocDelta -10.0, -7.0
Frame 17744
MouseLocDelta -21.0, -10.0
Frame 17777
MoveBlock 1149179033 (-7.5, 9.75, 15.0)
MouseLocDelta -21.0, -9.0
Frame 17810
MouseLocDelta -21.0, -5.0
Frame 17844
MouseLocDelta -11.0, -5.0
Frame 17877
Frame 17910
Frame 17944
Frame 17977
Frame 18010
Frame 18044
EndDragBlock 1149179033
MouseReleased true
Frame 18078
Frame 18111
MouseLocDelta 14.0, 6.0
Frame 18145
MouseLocDelta 123.0, 30.0
Frame 18178
MouseLocDelta 129.0, 23.0
Frame 18211
MouseLocDelta 57.0, 12.0
Frame 18245
MouseLocDelta 13.0, 6.0
Frame 18278
MouseLocDelta 1.0, 0.0
Frame 18310
MouseLocDelta 3.0, 4.0
Frame 18344
MouseLocDelta 13.0, 9.0
Frame 18377
MouseLocDelta 6.0, 3.0
Frame 18410
MouseLocDelta 2.0, 6.0
Frame 18444
CreateBlock 664109131
MouseLocDelta 7.0, 15.0
Frame 18477
CreateBlock 381007057
MouseLocDelta 1.0, 9.0
Frame 18510
CreateBlock 1936855292
MouseLocDelta 0.0, 2.0
Frame 18544
CreateBlock 1169771418
Frame 18577
CreateBlock 135434041
Frame 18610
CreateBlock 2054744914
StartDragBlock 2054744914
MoveBlock 2054744914 (43.067173, 9.75, -6.1112823)
MouseClick true
Frame 18644
Frame 18677
MoveBlock 2054744914 (40.57863, 9.75, -3.3989716)
MouseLocDelta -12.0, -13.0
Frame 18710
MoveBlock 2054744914 (33.957283, 9.75, 1.7362671)
MouseLocDelta -38.0, -26.0
Frame 18744
MoveBlock 2054744914 (30.0, 9.75, 7.5)
MouseLocDelta -43.0, -22.0
Frame 18777
MoveBlock 2054744914 (22.5, 9.75, 7.5)
MouseLocDelta -42.0, -15.0
Frame 18810
MoveBlock 2054744914 (15.0, 9.75, 7.5)
MouseLocDelta -44.0, -11.0
Frame 18844
MoveBlock 2054744914 (15.0, 9.75, 15.0)
MouseLocDelta -28.0, -8.0
Frame 18877
MoveBlock 2054744914 (7.5, 9.75, 15.0)
MouseLocDelta -10.0, -5.0
Frame 18910
MouseLocDelta -10.0, -4.0
Frame 18944
MouseLocDelta -2.0, -1.0
Frame 18977
Frame 19010
MouseLocDelta 0.0, -1.0
Frame 19044
Frame 19077
Frame 19110
Frame 19144
