Frame 203
NewTask 5
Frame 351
Frame 382
Frame 415
Frame 448
Frame 482
Frame 515
Frame 548
Frame 582
Frame 615
Frame 648
Frame 683
Frame 716
MouseLocDelta 316.0, 580.0
Frame 749
MouseLocDelta -2.0, 0.0
Frame 783
Frame 816
Frame 849
Frame 883
Frame 916
MouseLocDelta 69.0, 7.0
Frame 949
MouseLocDelta 125.0, 0.0
Frame 983
MouseLocDelta 99.0, 0.0
Frame 1016
MouseLocDelta 63.0, 0.0
Frame 1048
MouseLocDelta 43.0, -2.0
Frame 1082
MouseLocDelta 20.0, -20.0
Frame 1115
MouseLocDelta 13.0, -27.0
Frame 1148
MouseLocDelta 16.0, -32.0
Frame 1182
MouseLocDelta 24.0, -29.0
Frame 1215
MouseLocDelta 37.0, -20.0
Frame 1248
MouseLocDelta 57.0, -11.0
Frame 1282
MouseLocDelta 74.0, -4.0
Frame 1315
CreateBlock 1465698425
MouseLocDelta 53.0, 1.0
Frame 1348
CreateBlock 208514238
MouseLocDelta 50.0, 13.0
Frame 1382
CreateBlock 1952969809
MouseLocDelta 27.0, 12.0
Frame 1415
CreateBlock 1423519115
MouseLocDelta 7.0, 9.0
Frame 1448
CreateBlock 2117938225
MouseLocDelta 3.0, 5.0
Frame 1482
CreateBlock 1646298550
MouseLocDelta 0.0, 1.0
Frame 1515
CreateBlock 1160421902
Frame 1548
CreateBlock 1911908507
Frame 1582
CreateBlock 648467088
Frame 1615
CreateBlock 306839491
MouseLocDelta 1.0, -3.0
Frame 1649
CreateBlock 943088790
MouseLocDelta 0.0, -8.0
Frame 1682
CreateBlock 1515184734
StartDragBlock 1515184734
MoveBlock 1515184734 (48.75495, 9.75, -13.724258)
MouseLocDelta 0.0, -6.0
MouseClick true
Frame 1715
MoveBlock 1515184734 (48.582706, 9.75, -13.175735)
MouseLocDelta 0.0, -3.0
Frame 1748
MoveBlock 1515184734 (48.46836, 9.75, -12.812279)
MouseLocDelta 0.0, -2.0
Frame 1782
MoveBlock 1515184734 (47.778072, 9.75, -11.730873)
MouseLocDelta -3.0, -6.0
Frame 1815
MoveBlock 1515184734 (43.726116, 9.75, -9.439468)
MouseLocDelta -29.0, -13.0
Frame 1848
MoveBlock 1515184734 (22.5, 9.75, -7.5)
MouseLocDelta -160.0, -27.0
Frame 1882
MoveBlock 1515184734 (7.5, 9.75, 0.0)
MouseLocDelta -171.0, -24.0
Frame 1915
MoveBlock 1515184734 (-7.5, 9.75, 0.0)
MouseLocDelta -129.0, -20.0
Frame 1949
MoveBlock 1515184734 (-15.0, 9.75, 0.0)
MouseLocDelta -50.0, -6.0
Frame 1983
MouseLocDelta -4.0, 0.0
Frame 2016
Frame 2049
Frame 2083
MouseLocDelta -1.0, 8.0
Frame 2116
MouseLocDelta 11.0, 20.0
Frame 2149
MouseLocDelta 13.0, 7.0
Frame 2183
MouseLocDelta 3.0, 2.0
Frame 2216
Frame 2248
MouseLocDelta 0.0, 1.0
Frame 2282
MoveBlock 1515184734 (-15.0, 9.75, -7.5)
MouseLocDelta 0.0, 6.0
Frame 2315
MouseLocDelta -2.0, 11.0
Frame 2348
MouseLocDelta -2.0, 2.0
Frame 2382
MouseLocDelta -2.0, 4.0
Frame 2415
MouseLocDelta 0.0, 2.0
Frame 2448
Frame 2482
Frame 2515
EndDragBlock 1515184734
MouseReleased true
Frame 2548
Frame 2582
MouseLocDelta 4.0, 5.0
Frame 2615
MouseLocDelta 70.0, 15.0
Frame 2648
MouseLocDelta 95.0, 12.0
Frame 2682
MouseLocDelta 74.0, 8.0
Frame 2715
MouseLocDelta 18.0, 0.0
Frame 2748
MouseLocDelta 23.0, 0.0
Frame 2782
MouseLocDelta 28.0, 3.0
Frame 2815
MouseLocDelta 22.0, 4.0
Frame 2848
MouseLocDelta 57.0, 1.0
Frame 2882
MouseLocDelta 23.0, 0.0
Frame 2915
Frame 2948
MouseLocDelta 13.0, 0.0
Frame 2982
MouseLocDelta 13.0, 0.0
Frame 3015
CreateBlock 1066003783
MouseLocDelta 5.0, 0.0
Frame 3048
CreateBlock 2016997607
MouseLocDelta 4.0, -3.0
Frame 3082
CreateBlock 1649412954
StartDragBlock 1649412954
MoveBlock 1649412954 (40.8531, 9.75, -14.277206)
MouseLocDelta 9.0, -4.0
MouseClick true
Frame 3115
MoveBlock 1649412954 (41.34865, 9.75, -13.90815)
MouseLocDelta 5.0, -2.0
Frame 3148
MoveBlock 1649412954 (41.250874, 9.75, -13.5408325)
MouseLocDelta 0.0, -2.0
Frame 3182
MoveBlock 1649412954 (40.912495, 9.75, -12.269676)
MouseLocDelta 0.0, -7.0
Frame 3216
MoveBlock 1649412954 (40.51023, 9.75, -11.195831)
MouseLocDelta -1.0, -6.0
Frame 3249
MoveBlock 1649412954 (37.282272, 9.75, -9.439468)
MouseLocDelta -24.0, -10.0
Frame 3283
MoveBlock 1649412954 (22.5, 9.75, -7.5)
MouseLocDelta -110.0, -13.0
Frame 3316
MoveBlock 1649412954 (7.5, 9.75, 0.0)
MouseLocDelta -120.0, -26.0
Frame 3348
MoveBlock 1649412954 (0.0, 9.75, 0.0)
MouseLocDelta -84.0, -16.0
Frame 3382
MouseLocDelta -28.0, -5.0
Frame 3415
MouseLocDelta -1.0, 0.0
Frame 3448
Frame 3482
MouseLocDelta -2.0, 0.0
Frame 3515
Frame 3548
MouseLocDelta -1.0, 1.0
Frame 3582
MouseLocDelta 10.0, 15.0
Frame 3615
MoveBlock 1649412954 (0.0, 9.75, -7.5)
MouseLocDelta 9.0, 11.0
Frame 3648
MouseLocDelta 1.0, 2.0
Frame 3682
Frame 3715
Frame 3748
MouseLocDelta 1.0, 4.0
Frame 3782
MouseLocDelta 0.0, 3.0
Frame 3815
Frame 3848
Frame 3882
EndDragBlock 1649412954
MouseReleased true
Frame 3915
Frame 3948
Frame 3983
MouseLocDelta 25.0, 2.0
Frame 4016
MouseLocDelta 72.0, 11.0
Frame 4049
MouseLocDelta 89.0, 14.0
Frame 4083
MouseLocDelta 62.0, 8.0
Frame 4116
MouseLocDelta 36.0, 3.0
Frame 4149
MouseLocDelta 18.0, 0.0
Frame 4182
MouseLocDelta 6.0, 0.0
Frame 4215
MouseLocDelta 12.0, 0.0
Frame 4248
CreateBlock 1306889886
MouseLocDelta 23.0, 0.0
Frame 4282
CreateBlock 435572486
MouseLocDelta 17.0, 0.0
Frame 4315
CreateBlock 2042503226
MouseLocDelta 12.0, -4.0
Frame 4348
CreateBlock 825622087
MouseLocDelta 23.0, -5.0
Frame 4382
CreateBlock 1338572942
MouseLocDelta 6.0, -1.0
Frame 4415
CreateBlock 356750222
StartDragBlock 356750222
MoveBlock 356750222 (46.249035, 9.75, -9.787582)
MouseLocDelta 1.0, -2.0
MouseClick true
Frame 4448
MoveBlock 356750222 (43.975033, 9.75, -7.553993)
MouseLocDelta -14.0, -13.0
Frame 4482
MoveBlock 356750222 (37.456345, 9.75, -3.4378204)
MouseLocDelta -48.0, -25.0
Frame 4515
MoveBlock 356750222 (22.5, 9.75, 0.0)
MouseLocDelta -154.0, -45.0
Frame 4548
MoveBlock 356750222 (7.5, 9.75, 7.5)
MouseLocDelta -135.0, -43.0
Frame 4582
MoveBlock 356750222 (0.0, 9.75, 15.0)
MouseLocDelta -58.0, -19.0
Frame 4615
MouseLocDelta -7.0, 0.0
Frame 4648
MouseLocDelta -3.0, 0.0
Frame 4683
MouseLocDelta -15.0, 1.0
Frame 4716
MoveBlock 356750222 (-7.5, 9.75, 15.0)
MouseLocDelta -9.0, 0.0
Frame 4749
MouseLocDelta -5.0, 0.0
Frame 4783
MoveBlock 356750222 (-7.5, 9.75, 7.5)
MouseLocDelta -2.0, 9.0
Frame 4816
MouseLocDelta -3.0, 8.0
Frame 4849
MouseLocDelta -9.0, 9.0
Frame 4883
MouseLocDelta -3.0, 6.0
Frame 4915
MouseLocDelta 0.0, 3.0
Frame 4948
Frame 4982
Frame 5015
Frame 5048
EndDragBlock 356750222
MouseReleased true
Frame 5082
Frame 5115
Frame 5148
MouseLocDelta 16.0, 10.0
Frame 5182
MouseLocDelta 116.0, 34.0
Frame 5215
MouseLocDelta 116.0, 47.0
Frame 5248
MouseLocDelta 90.0, 20.0
Frame 5282
CreateBlock 1258454385
MouseLocDelta 76.0, 15.0
Frame 5315
CreateBlock 605522883
MouseLocDelta 14.0, 4.0
Frame 5348
CreateBlock 1503009287
MouseLocDelta 19.0, 4.0
Frame 5382
CreateBlock 226946948
MouseLocDelta 12.0, 0.0
Frame 5415
CreateBlock 366397964
Frame 5449
CreateBlock 1214964999
Frame 5483
CreateBlock 387520458
StartDragBlock 387520458
MoveBlock 387520458 (46.52321, 9.75, -12.993584)
MouseLocDelta 0.0, -7.0
MouseClick true
Frame 5516
MoveBlock 387520458 (46.088783, 9.75, -11.552101)
MouseLocDelta 0.0, -8.0
Frame 5549
MoveBlock 387520458 (43.754795, 9.75, -8.748024)
MouseLocDelta -13.0, -16.0
Frame 5582
MoveBlock 387520458 (33.257694, 9.75, -3.4378128)
MouseLocDelta -81.0, -32.0
Frame 5615
MoveBlock 387520458 (15.0, 9.75, 7.5)
MouseLocDelta -183.0, -48.0
Frame 5648
MoveBlock 387520458 (0.0, 9.75, 7.5)
MouseLocDelta -95.0, -22.0
Frame 5682
MouseLocDelta -18.0, 0.0
Frame 5715
MouseLocDelta 0.0, 5.0
Frame 5748
MouseLocDelta 3.0, 3.0
Frame 5782
MouseLocDelta 2.0, 0.0
Frame 5815
MouseLocDelta 7.0, 0.0
Frame 5848
MoveBlock 387520458 (7.5, 9.75, 7.5)
MouseLocDelta 24.0, 0.0
Frame 5882
MouseLocDelta 26.0, -2.0
Frame 5915
MouseLocDelta 6.0, 0.0
Frame 5948
Frame 5982
Frame 6016
Frame 6049
Frame 6083
Frame 6115
EndDragBlock 387520458
MouseReleased true
Frame 6148
Frame 6182
Frame 6215
Frame 6248
Frame 6282
Frame 6315
Frame 6348
Frame 6382
Frame 6415
Frame 6448
Frame 6482
Frame 6515
Frame 6548
Frame 6582
MouseLocDelta -6.0, -2.0
Frame 6615
MouseLocDelta -5.0, 0.0
Frame 6649
MouseLocDelta -10.0, 0.0
Frame 6683
MouseLocDelta -5.0, 0.0
Frame 6716
Frame 6749
Frame 6783
MouseLocDelta -1.0, 0.0
Frame 6816
MouseLocDelta -4.0, 1.0
Frame 6849
MouseLocDelta -2.0, 0.0
Frame 6883
MouseLocDelta -3.0, 1.0
Frame 6916
Frame 6949
Frame 6982
Frame 7015
Frame 7048
Frame 7082
Frame 7115
Frame 7148
Frame 7182
Frame 7215
Frame 7248
Frame 7282
Frame 7315
Frame 7348
Frame 7382
Frame 7415
Frame 7448
MouseLocDelta -12.0, 0.0
Frame 7482
MouseLocDelta -100.0, -33.0
Frame 7515
MouseLocDelta -136.0, -76.0
Frame 7548
MouseLocDelta -92.0, -60.0
Frame 7582
MouseLocDelta -37.0, -66.0
Frame 7615
MouseLocDelta -3.0, -21.0
Frame 7648
MouseLocDelta 7.0, -5.0
Frame 7682
MouseLocDelta 4.0, 0.0
Frame 7715
Frame 7748
Frame 7783
Frame 7816
Frame 7849
MouseLocDelta 1.0, 0.0
Frame 7883
Frame 7916
Frame 7949
Frame 7983
Frame 8015
Frame 8048
Frame 8082
Frame 8115
Frame 8148
Frame 8182
Frame 8215
Frame 8248
Frame 8282
MouseLocDelta 9.0, 2.0
Frame 8315
MouseLocDelta 27.0, 8.0
Frame 8348
MouseLocDelta 37.0, 2.0
Frame 8382
MouseLocDelta 62.0, 17.0
Frame 8415
MouseLocDelta 107.0, 33.0
Frame 8448
MouseLocDelta 179.0, 92.0
Frame 8482
MouseLocDelta 180.0, 101.0
Frame 8515
MouseLocDelta 92.0, 29.0
Frame 8548
MouseLocDelta 30.0, 16.0
Frame 8582
MouseLocDelta 4.0, 14.0
Frame 8615
CreateBlock 851417480
MouseLocDelta 5.0, 19.0
Frame 8648
MouseLocDelta 33.0, 50.0
Frame 8682
MouseLocDelta 49.0, 43.0
Frame 8715
MouseLocDelta 46.0, 43.0
Frame 8749
MouseLocDelta 19.0, 30.0
Frame 8783
MouseLocDelta 12.0, 24.0
Frame 8816
MouseLocDelta 7.0, 32.0
Frame 8849
MouseLocDelta 11.0, 26.0
Frame 8883
MouseLocDelta 10.0, 25.0
Frame 8916
MouseLocDelta 6.0, 19.0
Frame 8948
MouseLocDelta 9.0, 16.0
Frame 8982
MouseLocDelta 13.0, 14.0
Frame 9015
MouseLocDelta 11.0, 7.0
Frame 9048
MouseLocDelta 1.0, 2.0
Frame 9082
Frame 9115
Frame 9148
Frame 9182
Frame 9215
MouseLocDelta -1.0, -1.0
Frame 9248
MouseLocDelta -20.0, -28.0
Frame 9282
MouseLocDelta -36.0, -32.0
Frame 9315
MouseLocDelta -26.0, -26.0
Frame 9348
MouseLocDelta -22.0, -17.0
Frame 9382
MouseLocDelta -9.0, -12.0
Frame 9415
MouseLocDelta -4.0, -2.0
Frame 9448
Frame 9482
MouseLocDelta -1.0, 0.0
Frame 9515
MouseLocDelta 0.0, -1.0
Frame 9549
MouseLocDelta -2.0, -2.0
Frame 9583
MouseLocDelta -1.0, -2.0
Frame 9616
MouseLocDelta -2.0, -1.0
Frame 9648
Frame 9682
MouseLocDelta -3.0, 0.0
Frame 9715
MouseLocDelta -1.0, 0.0
Frame 9748
Frame 9782
Frame 9815
Frame 9848
Frame 9882
Frame 9915
Frame 9948
Frame 9982
Frame 10015
MouseLocDelta -2.0, 0.0
Frame 10048
Frame 10082
Frame 10115
Frame 10148
Frame 10182
Frame 10215
Frame 10249
MouseLocDelta -2.0, -1.0
Frame 10283
MouseLocDelta -1.0, 0.0
Frame 10316
MouseLocDelta -2.0, 0.0
Frame 10349
MouseLocDelta -1.0, 0.0
Frame 10383
MouseLocDelta 0.0, -1.0
Frame 10416
Frame 10449
Frame 10483
Frame 10515
Frame 10548
Frame 10582
Frame 10615
Frame 10648
Frame 10682
Frame 10715
Frame 10748
Frame 10782
Frame 10815
Frame 10848
Frame 10882
Frame 10915
Frame 10948
Frame 10982
Frame 11015
Frame 11048
Frame 11082
Frame 11116
Frame 11149
MouseLocDelta -18.0, -4.0
Frame 11183
MouseLocDelta -125.0, -62.0
Frame 11216
MouseLocDelta -134.0, -77.0
Frame 11249
MouseLocDelta -106.0, -64.0
Frame 11282
MouseLocDelta -45.0, -24.0
Frame 11315
MouseLocDelta -12.0, -6.0
Frame 11348
Frame 11382
Frame 11415
MouseLocDelta 0.0, -1.0
Frame 11448
MouseLocDelta 0.0, -2.0
Frame 11482
Frame 11515
MouseLocDelta -8.0, -4.0
Frame 11548
MouseLocDelta -30.0, -19.0
Frame 11582
MouseLocDelta -56.0, -30.0
Frame 11615
MouseLocDelta -25.0, -14.0
Frame 11648
Frame 11682
Frame 11715
Frame 11748
Frame 11782
MouseLocDelta -22.0, 1.0
Frame 11815
MouseLocDelta -5.0, 1.0
Frame 11848
StartDragBlock 356750222
MoveBlock 356750222 (-7.5, 3.75, 7.5)
MouseClick true
Frame 11882
Frame 11916
MouseLocDelta 1.0, -7.0
Frame 11949
MoveBlock 356750222 (-7.5, 3.75, 15.0)
MouseLocDelta 0.0, -19.0
Frame 11983
MouseLocDelta 0.0, -22.0
Frame 12016
MouseLocDelta 0.0, -7.0
Frame 12049
MouseLocDelta 0.0, -1.0
Frame 12082
Frame 12115
Frame 12148
Frame 12182
EndDragBlock 356750222
MouseReleased true
Frame 12215
MouseLocDelta 0.0, 1.0
Frame 12248
Frame 12282
MouseLocDelta 0.0, 5.0
Frame 12315
MouseLocDelta 30.0, 19.0
Frame 12348
MouseLocDelta 51.0, 25.0
Frame 12382
MouseLocDelta 26.0, 13.0
Frame 12415
MouseLocDelta 10.0, 10.0
Frame 12448
MouseLocDelta 3.0, 2.0
Frame 12482
Frame 12515
Frame 12548
MouseLocDelta 4.0, 3.0
Frame 12583
MouseLocDelta 10.0, 1.0
Frame 12616
StartDragBlock 387520458
MoveBlock 387520458 (7.5, 3.75, 7.5)
MouseLocDelta 6.0, 0.0
MouseClick true
Frame 12648
MouseLocDelta 4.0, -6.0
Frame 12683
MouseLocDelta 5.0, -14.0
Frame 12715
MouseLocDelta 1.0, -11.0
Frame 12748
MoveBlock 387520458 (7.5, 3.75, 15.0)
MouseLocDelta 0.0, -14.0
Frame 12782
MouseLocDelta 0.0, -8.0
Frame 12815
MouseLocDelta 0.0, -1.0
Frame 12848
Frame 12882
MouseLocDelta 0.0, -2.0
Frame 12915
MouseLocDelta 0.0, -2.0
Frame 12948
Frame 12982
EndDragBlock 387520458
MouseReleased true
NewTask 6
Frame 13015
Frame 13048
Frame 13083
Frame 13116
Frame 13148
Frame 13182
MouseLocDelta 14.0, -1.0
Frame 13215
MouseLocDelta 36.0, -10.0
Frame 13248
MouseLocDelta 40.0, -5.0
Frame 13282
MouseLocDelta 33.0, -5.0
Frame 13315
MouseLocDelta 9.0, -1.0
Frame 13348
Frame 13382
Frame 13415
Frame 13448
Frame 13482
Frame 13515
Frame 13548
Frame 13582
Frame 13615
Frame 13648
MouseLocDelta -10.0, 0.0
Frame 13682
MouseLocDelta -10.0, 0.0
Frame 13715
MouseLocDelta -6.0, 3.0
Frame 13748
MouseLocDelta -6.0, 6.0
Frame 13782
MouseLocDelta -4.0, 6.0
Frame 13815
Frame 13848
Frame 13882
Frame 13915
Frame 13948
Frame 13983
Frame 14016
Frame 14048
MouseLocDelta -8.0, 6.0
Frame 14082
MouseLocDelta -1.0, 9.0
Frame 14115
MouseLocDelta 3.0, 22.0
Frame 14148
MouseLocDelta 12.0, 16.0
Frame 14182
MouseLocDelta 59.0, 18.0
Frame 14215
MouseLocDelta 184.0, 54.0
Frame 14248
MouseLocDelta 74.0, 16.0
Frame 14282
Frame 14315
MouseLocDelta -11.0, -1.0
Frame 14348
MouseLocDelta -21.0, -27.0
Frame 14382
MouseLocDelta -16.0, -11.0
Frame 14415
MouseLocDelta -1.0, 0.0
Frame 14448
MouseLocDelta 2.0, 23.0
Frame 14482
MouseLocDelta 1.0, 18.0
Frame 14515
MouseLocDelta -3.0, 3.0
Frame 14548
MouseLocDelta -1.0, 1.0
Frame 14582
MouseLocDelta 0.0, 3.0
Frame 14615
MouseLocDelta 1.0, 12.0
Frame 14648
CreateBlock 1238755034
StartDragBlock 1238755034
MoveBlock 1238755034 (48.853172, 9.75, -8.576164)
MouseLocDelta 0.0, 3.0
MouseClick true
Frame 14682
Frame 14715
Frame 14748
Frame 14783
MoveBlock 1238755034 (48.070084, 9.75, -7.2160797)
MouseLocDelta -3.0, -8.0
Frame 14816
MoveBlock 1238755034 (44.479603, 9.75, -6.2114716)
MouseLocDelta -29.0, -6.0
Frame 14849
MoveBlock 1238755034 (43.9302, 9.75, -5.879608)
MouseLocDelta -4.0, -2.0
Frame 14883
Frame 14916
Frame 14949
Frame 14983
MoveBlock 1238755034 (43.768654, 9.75, -5.714241)
MouseLocDelta -1.0, -1.0
Frame 15015
MoveBlock 1238755034 (43.334663, 9.75, -5.3849945)
MouseLocDelta -3.0, -2.0
Frame 15048
MoveBlock 1238755034 (39.065437, 9.75, -4.081108)
MouseLocDelta -35.0, -8.0
Frame 15082
MoveBlock 1238755034 (22.5, 9.75, 0.0)
MouseLocDelta -170.0, -27.0
Frame 15115
MoveBlock 1238755034 (7.5, 9.75, 7.5)
MouseLocDelta -120.0, -27.0
Frame 15148
MoveBlock 1238755034 (0.0, 9.75, 7.5)
MouseLocDelta -92.0, -5.0
Frame 15182
MoveBlock 1238755034 (-7.5, 9.75, 7.5)
MouseLocDelta -39.0, 0.0
Frame 15215
MouseLocDelta -4.0, 1.0
Frame 15248
MoveBlock 1238755034 (-7.5, 9.75, 0.0)
MouseLocDelta 2.0, 8.0
Frame 15282
MouseLocDelta 23.0, 16.0
Frame 15315
MoveBlock 1238755034 (0.0, 9.75, 0.0)
MouseLocDelta 31.0, 20.0
Frame 15348
MoveBlock 1238755034 (0.0, 9.75, -7.5)
MouseLocDelta 16.0, 15.0
Frame 15382
MouseLocDelta 22.0, 12.0
Frame 15415
MouseLocDelta 10.0, 8.0
Frame 15448
MoveBlock 1238755034 (7.5, 9.75, -7.5)
MouseLocDelta 2.0, 2.0
Frame 15482
Frame 15515
Frame 15548
Frame 15582
Frame 15615
Frame 15649
Frame 15683
MouseLocDelta 0.0, -1.0
Frame 15716
MoveBlock 1238755034 (0.0, 9.75, -7.5)
MouseLocDelta -14.0, -4.0
Frame 15749
MouseLocDelta -10.0, -2.0
Frame 15783
Frame 15816
Frame 15849
Frame 15883
Frame 15915
Frame 15948
Frame 15982
Frame 16015
EndDragBlock 1238755034
MouseReleased true
Frame 16048
Frame 16082
Frame 16115
Frame 16148
Frame 16182
MouseLocDelta 13.0, 1.0
Frame 16215
MouseLocDelta 13.0, 1.0
Frame 16248
MouseLocDelta 74.0, 0.0
Frame 16282
MouseLocDelta 135.0, 5.0
Frame 16315
MouseLocDelta 45.0, 0.0
Frame 16348
MouseLocDelta 7.0, -1.0
Frame 16382
Frame 16415
Frame 16448
MouseLocDelta 5.0, 0.0
Frame 16482
MouseLocDelta 10.0, 2.0
Frame 16515
CreateBlock 194859196
MouseLocDelta 22.0, 0.0
Frame 16548
CreateBlock 85945497
MouseLocDelta 19.0, 2.0
Frame 16582
CreateBlock 1376957295
MouseLocDelta 11.0, 2.0
Frame 16615
CreateBlock 1237476993
MouseLocDelta 8.0, 3.0
Frame 16648
CreateBlock 2044183803
MouseLocDelta 3.0, 0.0
Frame 16682
CreateBlock 1153792315
Frame 16716
CreateBlock 10105795
StartDragBlock 10105795
MoveBlock 10105795 (42.986217, 9.75, -9.266006)
MouseClick true
Frame 16749
MoveBlock 10105795 (41.79721, 9.75, -7.892601)
MouseLocDelta -7.0, -8.0
Frame 16783
MoveBlock 10105795 (33.92869, 9.75, -5.3849945)
MouseLocDelta -64.0, -15.0
Frame 16816
MoveBlock 10105795 (15.0, 9.75, 0.0)
MouseLocDelta -134.0, -20.0
Frame 16848
MoveBlock 10105795 (7.5, 9.75, 0.0)
MouseLocDelta -79.0, -9.0
Frame 16882
MouseLocDelta -36.0, 0.0
Frame 16915
MouseLocDelta -10.0, 0.0
Frame 16948
MoveBlock 10105795 (0.0, 9.75, 0.0)
MouseLocDelta -10.0, 0.0
Frame 16982
MouseLocDelta -20.0, 0.0
Frame 17015
MouseLocDelta -8.0, 0.0
Frame 17048
MouseLocDelta -7.0, 0.0
Frame 17082
MouseLocDelta -25.0, 2.0
Frame 17115
MoveBlock 10105795 (-7.5, 9.75, 0.0)
MouseLocDelta -33.0, 0.0
Frame 17149
MouseLocDelta -33.0, 0.0
Frame 17183
MoveBlock 10105795 (-15.0, 9.75, 0.0)
MouseLocDelta -16.0, 0.0
Frame 17216
MouseLocDelta -6.0, 0.0
Frame 17249
MouseLocDelta -7.0, -4.0
Frame 17282
MouseLocDelta -4.0, -2.0
Frame 17315
Frame 17348
Frame 17382
Frame 17415
Frame 17448
Frame 17482
Frame 17515
Frame 17548
Frame 17582
Frame 17615
Frame 17648
Frame 17682
Frame 17715
Frame 17748
EndDragBlock 10105795
MouseReleased true
Frame 17783
Frame 17816
MouseLocDelta 29.0, -1.0
Frame 17849
MouseLocDelta 176.0, -2.0
Frame 17883
MouseLocDelta 102.0, 14.0
Frame 17916
MouseLocDelta 61.0, 2.0
Frame 17949
MouseLocDelta 36.0, 1.0
Frame 17983
MouseLocDelta 11.0, 3.0
Frame 18015
MouseLocDelta 4.0, 3.0
Frame 18048
MouseLocDelta 15.0, 6.0
Frame 18082
CreateBlock 1705819997
MouseLocDelta 31.0, 4.0
Frame 18115
CreateBlock 810002129
MouseLocDelta 12.0, 0.0
Frame 18148
CreateBlock 806943770
MouseLocDelta 14.0, 0.0
Frame 18182
CreateBlock 944711585
MouseLocDelta 20.0, 0.0
Frame 18215
CreateBlock 1421006824
MouseLocDelta 15.0, 0.0
Frame 18248
CreateBlock 696052681
MouseLocDelta 2.0, 0.0
Frame 18282
CreateBlock 1213984358
Frame 18315
CreateBlock 192974759
Frame 18348
CreateBlock 626467543
Frame 18382
CreateBlock 2075157607
Frame 18415
CreateBlock 2039473569
Frame 18448
CreateBlock 1445784416
Frame 18482
CreateBlock 456338836
Frame 18515
CreateBlock 1022713215
Frame 18548
CreateBlock 281893917
Frame 18583
CreateBlock 442137737
Frame 18616
CreateBlock 715527139
Frame 18649
CreateBlock 2103685620
Frame 18683
CreateBlock 473451132
Frame 18716
CreateBlock 866263389
MouseLocDelta 2.0, 1.0
Frame 18749
CreateBlock 1497135910
Frame 18782
CreateBlock 297347471
MouseLocDelta 1.0, 0.0
Frame 18815
CreateBlock 324498528
StartDragBlock 324498528
MoveBlock 324498528 (45.36058, 9.75, -5.0568314)
MouseClick true
Frame 18848
MoveBlock 324498528 (45.05842, 9.75, -4.0811005)
MouseLocDelta 0.0, -6.0
Frame 18882
MoveBlock 324498528 (41.627983, 9.75, -1.0760574)
MouseLocDelta -23.0, -19.0
Frame 18915
MoveBlock 324498528 (37.323826, 9.75, 1.2098999)
MouseLocDelta -34.0, -15.0
Frame 18948
MoveBlock 324498528 (32.83852, 9.75, 2.98674)
MouseLocDelta -38.0, -12.0
Frame 18982
MoveBlock 324498528 (30.0, 9.75, 7.5)
MouseLocDelta -45.0, -14.0
Frame 19015
MoveBlock 324498528 (22.5, 9.75, 7.5)
MouseLocDelta -44.0, -8.0
Frame 19048
MouseLocDelta -32.0, -10.0
Frame 19082
MoveBlock 324498528 (15.0, 9.75, 7.5)
MouseLocDelta -47.0, -11.0
Frame 19115
MoveBlock 324498528 (7.5, 9.75, 7.5)
MouseLocDelta -35.0, -6.0
Frame 19148
MouseLocDelta -22.0, -6.0
Frame 19182
MouseLocDelta -41.0, -2.0
Frame 19215
MoveBlock 324498528 (0.0, 9.75, 7.5)
MouseLocDelta -50.0, 0.0
Frame 19248
MouseLocDelta -16.0, 0.0
Frame 19282
Frame 19315
MouseLocDelta 0.0, 4.0
Frame 19348
Frame 19382
Frame 19415
Frame 19448
MouseLocDelta 0.0, 1.0
Frame 19482
MoveBlock 324498528 (-7.5, 9.75, 7.5)
MouseLocDelta -18.0, 0.0
Frame 19515
MouseLocDelta -25.0, 0.0
Frame 19548
MouseLocDelta -9.0, 1.0
Frame 19582
MouseLocDelta -3.0, 2.0
Frame 19615
MouseLocDelta -3.0, 1.0
Frame 19648
MouseLocDelta -1.0, 1.0
Frame 19682
Frame 19715
Frame 19748
Frame 19782
Frame 19815
EndDragBlock 324498528
MouseReleased true
Frame 19849
MouseLocDelta 21.0, 0.0
Frame 19883
MouseLocDelta 90.0, 12.0
Frame 19916
MouseLocDelta 129.0, 32.0
Frame 19949
MouseLocDelta 98.0, 30.0
Frame 19983
MouseLocDelta 35.0, 10.0
Frame 20016
MouseLocDelta 6.0, 3.0
Frame 20049
MouseLocDelta 13.0, 7.0
Frame 20083
CreateBlock 1652856443
MouseLocDelta 24.0, 10.0
Frame 20115
CreateBlock 1353776547
MouseLocDelta 21.0, 4.0
Frame 20148
CreateBlock 333185464
MouseLocDelta 23.0, 2.0
Frame 20182
CreateBlock 1358225719
MouseLocDelta 31.0, 1.0
Frame 20215
MouseLocDelta 23.0, 8.0
Frame 20248
MouseLocDelta 3.0, 1.0
Frame 20282
MouseClick true
Frame 20315
MouseLocDelta 1.0, 0.0
Frame 20348
MouseLocDelta 0.0, -8.0
Frame 20382
MouseLocDelta -8.0, -23.0
Frame 20415
MouseLocDelta -21.0, -35.0
Frame 20448
MouseLocDelta -31.0, -36.0
Frame 20482
MouseLocDelta -43.0, -25.0
Frame 20516
MouseLocDelta -12.0, -3.0
Frame 20549
MouseLocDelta -15.0, -4.0
Frame 20583
MouseLocDelta -28.0, -10.0
Frame 20616
MouseLocDelta -27.0, -11.0
Frame 20648
MouseLocDelta -4.0, -1.0
Frame 20682
MouseLocDelta 1.0, 11.0
Frame 20715
MouseLocDelta 18.0, 27.0
Frame 20748
MouseLocDelta 26.0, 37.0
Frame 20782
MouseLocDelta 43.0, 37.0
Frame 20815
CreateBlock 2095975270
MouseLocDelta 30.0, 19.0
Frame 20848
CreateBlock 1882101149
MouseLocDelta 4.0, 3.0
Frame 20882
CreateBlock 39890933
MouseLocDelta 0.0, 1.0
Frame 20915
CreateBlock 432013067
MouseLocDelta 0.0, 3.0
Frame 20948
CreateBlock 201406562
MouseLocDelta 0.0, 2.0
Frame 20982
CreateBlock 605859862
StartDragBlock 605859862
MoveBlock 605859862 (41.68313, 9.75, -5.879608)
MouseClick true
Frame 21015
MoveBlock 605859862 (41.58964, 9.75, -5.549629)
MouseLocDelta 0.0, -2.0
Frame 21048
MoveBlock 605859862 (37.361664, 9.75, -1.3866119)
MouseLocDelta -28.0, -26.0
Frame 21082
MoveBlock 605859862 (22.5, 9.75, 7.5)
MouseLocDelta -92.0, -59.0
Frame 21115
MoveBlock 605859862 (15.0, 9.75, 15.0)
MouseLocDelta -93.0, -43.0
Frame 21149
MouseLocDelta -26.0, -11.0
Frame 21183
MouseLocDelta -2.0, 0.0
Frame 21216
MouseLocDelta -1.0, -1.0
Frame 21248
MouseLocDelta -7.0, -5.0
Frame 21282
MouseLocDelta -3.0, -3.0
Frame 21315
MoveBlock 605859862 (7.5, 9.75, 15.0)
MouseLocDelta -4.0, 0.0
Frame 21348
MouseLocDelta -10.0, 0.0
Frame 21382
MouseLocDelta -8.0, 1.0
Frame 21415
MouseLocDelta -11.0, 0.0
Frame 21448
MouseLocDelta -3.0, 0.0
Frame 21482
Frame 21515
MouseLocDelta -1.0, 1.0
Frame 21569
EndDragBlock 605859862
MouseReleased true
NewTask 15
Frame 21582
Frame 21615
Frame 21648
Frame 21682
MouseLocDelta 5.0, -1.0
Frame 21715
MouseLocDelta 29.0, -10.0
Frame 21748
MouseLocDelta 38.0, -13.0
Frame 21782
MouseLocDelta 32.0, -9.0
Frame 21816
MouseLocDelta 18.0, -7.0
Frame 21849
MouseLocDelta 2.0, -1.0
Frame 21882
Frame 21915
Frame 21948
Frame 21982
Frame 22015
Frame 22048
Frame 22082
Frame 22115
Frame 22148
Frame 22183
MouseLocDelta 5.0, 16.0
Frame 22216
MouseLocDelta 44.0, 44.0
Frame 22249
MouseLocDelta 72.0, 68.0
Frame 22282
MouseLocDelta 30.0, 28.0
Frame 22315
CreateBlock 1645168081
MouseLocDelta 15.0, 13.0
Frame 22348
CreateBlock 1487982242
MouseLocDelta 1.0, 3.0
Frame 22382
CreateBlock 1070471979
MouseLocDelta -1.0, 4.0
Frame 22415
CreateBlock 1952040134
MouseLocDelta 0.0, 5.0
Frame 22448
CreateBlock 830856919
MouseLocDelta 0.0, 11.0
Frame 22482
CreateBlock 1273564839
MouseLocDelta 0.0, 3.0
Frame 22515
CreateBlock 834739424
Frame 22548
CreateBlock 2102316964
StartDragBlock 2102316964
MoveBlock 2102316964 (42.07925, 9.75, -6.8796997)
MouseClick true
Frame 22582
Frame 22615
MoveBlock 2102316964 (42.03168, 9.75, -6.7120667)
MouseLocDelta 0.0, -1.0
Frame 22649
MoveBlock 2102316964 (40.75922, 9.75, -5.384987)
MouseLocDelta -8.0, -8.0
Frame 22683
MoveBlock 2102316964 (36.24246, 9.75, -1.6985168)
MouseLocDelta -32.0, -23.0
Frame 22716
MoveBlock 2102316964 (30.955431, 9.75, 1.955925)
MouseLocDelta -41.0, -24.0
Frame 22748
MoveBlock 2102316964 (22.5, 9.75, 7.5)
MouseLocDelta -45.0, -28.0
Frame 22782
MouseLocDelta -36.0, -27.0
Frame 22815
MoveBlock 2102316964 (15.0, 9.75, 15.0)
MouseLocDelta -26.0, -21.0
Frame 22848
MouseLocDelta -11.0, -10.0
Frame 22882
MouseLocDelta -9.0, -9.0
Frame 22915
MouseLocDelta -13.0, -7.0
Frame 22948
MouseLocDelta -11.0, -6.0
Frame 22982
MouseLocDelta -7.0, -2.0
Frame 23015
MouseLocDelta -4.0, -1.0
Frame 23048
MouseLocDelta -7.0, 3.0
Frame 23083
MouseLocDelta -4.0, 4.0
Frame 23116
MoveBlock 2102316964 (7.5, 9.75, 15.0)
MouseLocDelta -12.0, 7.0
Frame 23149
MouseLocDelta -10.0, 2.0
Frame 23182
MouseLocDelta -6.0, 2.0
Frame 23215
Frame 23248
Frame 23282
MouseLocDelta -1.0, 0.0
Frame 23315
EndDragBlock 2102316964
MouseReleased true
Frame 23348
Frame 23382
MouseLocDelta 12.0, 11.0
Frame 23415
MouseLocDelta 73.0, 43.0
Frame 23448
MouseLocDelta 114.0, 57.0
Frame 23482
MouseLocDelta 41.0, 12.0
Frame 23515
CreateBlock 1573211398
MouseLocDelta 11.0, 4.0
Frame 23548
CreateBlock 1233811793
MouseLocDelta 1.0, 1.0
Frame 23582
CreateBlock 507179979
MouseLocDelta 6.0, 3.0
Frame 23615
CreateBlock 1348957967
MouseLocDelta 10.0, 5.0
Frame 23649
CreateBlock 951689990
MouseLocDelta 30.0, 13.0
Frame 23683
CreateBlock 595459074
MouseLocDelta 10.0, 4.0
Frame 23716
CreateBlock 606861698
StartDragBlock 606861698
MoveBlock 606861698 (45.11134, 9.75, -7.5539856)
MouseClick true
Frame 23749
MoveBlock 606861698 (44.44215, 9.75, -7.2160797)
MouseLocDelta -5.0, -2.0
Frame 23783
MoveBlock 606861698 (39.334686, 9.75, -3.4378204)
MouseLocDelta -36.0, -23.0
Frame 23816
MoveBlock 606861698 (30.0, 9.75, 0.0)
MouseLocDelta -82.0, -42.0
Frame 23848
MoveBlock 606861698 (22.5, 9.75, 7.5)
MouseLocDelta -71.0, -25.0
Frame 23882
MoveBlock 606861698 (15.0, 9.75, 7.5)
MouseLocDelta -36.0, -11.0
Frame 23915
MouseLocDelta -5.0, -1.0
Frame 23948
MouseLocDelta -3.0, -1.0
Frame 23982
MouseLocDelta -15.0, -7.0
Frame 24015
MouseLocDelta -14.0, -8.0
Frame 24048
MouseLocDelta -7.0, -3.0
Frame 24082
MouseLocDelta -4.0, -1.0
Frame 24115
MoveBlock 606861698 (7.5, 9.75, 15.0)
MouseLocDelta -6.0, -5.0
Frame 24148
MouseLocDelta -8.0, -9.0
Frame 24182
MouseLocDelta -11.0, -6.0
Frame 24215
MouseLocDelta -8.0, -5.0
Frame 24248
MouseLocDelta -4.0, -3.0
Frame 24282
Frame 24315
Frame 24348
Frame 24382
Frame 24415
EndDragBlock 606861698
MouseReleased true
Frame 24448
Frame 24483
Frame 24516
MouseLocDelta 13.0, 9.0
Frame 24549
MouseLocDelta 56.0, 29.0
Frame 24583
MouseLocDelta 100.0, 36.0
Frame 24616
MouseLocDelta 71.0, 28.0
Frame 24649
MouseLocDelta 27.0, 10.0
Frame 24683
MouseLocDelta 9.0, 3.0
Frame 24716
MouseLocDelta 4.0, 3.0
Frame 24748
CreateBlock 2016890783
MouseLocDelta 5.0, 3.0
Frame 24782
CreateBlock 2001505633
MouseLocDelta 6.0, 1.0
Frame 24815
CreateBlock 1121327223
MouseLocDelta 8.0, 2.0
Frame 24848
CreateBlock 1977634536
MouseLocDelta 1.0, 0.0
Frame 24882
CreateBlock 1499241933
StartDragBlock 1499241933
MoveBlock 1499241933 (42.067955, 9.75, -2.9594574)
MouseClick true
Frame 24915
Frame 24948
MoveBlock 1499241933 (42.288204, 9.75, -2.9594574)
MouseLocDelta 2.0, 0.0
Frame 24982
MoveBlock 1499241933 (41.636963, 9.75, -1.8549652)
MouseLocDelta -3.0, -7.0
Frame 25015
MoveBlock 1499241933 (39.4542, 9.75, -1.0760574)
MouseLocDelta -18.0, -5.0
Frame 25048
MoveBlock 1499241933 (36.72587, 9.75, -0.6131592)
MouseLocDelta -24.0, -3.0
Frame 25082
MoveBlock 1499241933 (35.209167, 9.75, -0.61315155)
MouseLocDelta -14.0, 0.0
Frame 25115
MoveBlock 1499241933 (33.8008, 9.75, -0.6131592)
MouseLocDelta -13.0, 0.0
Frame 25148
MoveBlock 1499241933 (30.875727, 9.75, -0.6131592)
MouseLocDelta -27.0, 0.0
Frame 25182
MoveBlock 1499241933 (30.0, 9.75, 0.0)
MouseLocDelta -21.0, 2.0
Frame 25215
MoveBlock 1499241933 (22.5, 9.75, 0.0)
MouseLocDelta -34.0, 5.0
Frame 25248
MouseLocDelta -50.0, 2.0
Frame 25282
MoveBlock 1499241933 (15.0, 9.75, 0.0)
MouseLocDelta -46.0, 0.0
Frame 25315
MouseLocDelta -10.0, 1.0
Frame 25348
MouseLocDelta -1.0, 1.0
Frame 25382
MouseLocDelta -3.0, 0.0
Frame 25415
MouseLocDelta -6.0, 0.0
Frame 25448
Frame 25482
MoveBlock 1499241933 (15.0, 9.75, -7.5)
MouseLocDelta -8.0, 10.0
Frame 25515
MoveBlock 1499241933 (7.5, 9.75, -7.5)
MouseLocDelta -12.0, 4.0
Frame 25548
MouseLocDelta -6.0, 0.0
Frame 25582
MouseLocDelta -3.0, 3.0
Frame 25615
MouseLocDelta -6.0, 5.0
Frame 25648
MouseLocDelta -2.0, 2.0
Frame 25683
Frame 25716
Frame 25748
Frame 25782
EndDragBlock 1499241933
MouseReleased true
Frame 25815
Frame 25848
Frame 25882
MouseLocDelta 11.0, 2.0
Frame 25915
MouseLocDelta 67.0, 18.0
Frame 25948
MouseLocDelta 114.0, 16.0
Frame 25982
CreateBlock 753013685
MouseLocDelta 66.0, 3.0
Frame 26015
CreateBlock 1216409727
MouseLocDelta 12.0, 0.0
Frame 26048
CreateBlock 2073207955
Frame 26082
CreateBlock 1635345159
Frame 26115
CreateBlock 1750373007
MouseLocDelta 1.0, 0.0
Frame 26148
CreateBlock 140648396
Frame 26182
CreateBlock 1645579872
MouseLocDelta 3.0, 0.0
Frame 26215
CreateBlock 1966502638
StartDragBlock 1966502638
MoveBlock 1966502638 (41.498634, 9.75, -12.269669)
MouseLocDelta 3.0, -4.0
MouseClick true
Frame 26248
MoveBlock 1966502638 (41.181225, 9.75, -10.664513)
MouseLocDelta 1.0, -9.0
Frame 26282
MoveBlock 1966502638 (38.344677, 9.75, -9.092941)
MouseLocDelta -21.0, -9.0
Frame 26315
MoveBlock 1966502638 (30.1462, 9.75, -7.723076)
MouseLocDelta -69.0, -8.0
Frame 26348
MoveBlock 1966502638 (15.0, 9.75, -7.5)
MouseLocDelta -110.0, -4.0
Frame 26382
MoveBlock 1966502638 (7.5, 9.75, -7.5)
MouseLocDelta -67.0, 0.0
Frame 26415
MouseLocDelta -35.0, 0.0
Frame 26448
MouseLocDelta -17.0, 2.0
Frame 26482
MoveBlock 1966502638 (0.0, 9.75, -7.5)
MouseLocDelta -7.0, 0.0
Frame 26515
MouseLocDelta -6.0, 0.0
Frame 26548
MouseLocDelta -15.0, 0.0
Frame 26582
MouseLocDelta -15.0, -7.0
Frame 26615
MouseLocDelta -15.0, -4.0
Frame 26649
MouseLocDelta -4.0, -1.0
Frame 26683
MouseLocDelta -1.0, 0.0
Frame 26716
Frame 26749
MoveBlock 1966502638 (-7.5, 9.75, -7.5)
MouseLocDelta -10.0, 0.0
Frame 26783
MouseLocDelta -12.0, 0.0
Frame 26816
MouseLocDelta -28.0, 3.0
Frame 26849
MouseLocDelta -14.0, 5.0
Frame 26883
MouseLocDelta -3.0, 2.0
Frame 26916
Frame 26948
Frame 26982
Frame 27015
MouseLocDelta -5.0, 0.0
Frame 27048
MoveBlock 1966502638 (-15.0, 9.75, -7.5)
MouseLocDelta -12.0, 1.0
Frame 27082
MouseLocDelta -8.0, 0.0
Frame 27115
MouseLocDelta -7.0, 1.0
Frame 27148
MouseLocDelta -3.0, 1.0
Frame 27182
Frame 27215
Frame 27248
Frame 27282
MouseLocDelta 0.0, 1.0
